{"numFailedTestSuites":20,"numFailedTests":30,"numPassedTestSuites":43,"numPassedTests":145,"numPendingTestSuites":0,"numPendingTests":0,"numRuntimeErrorTestSuites":0,"numTodoTests":0,"numTotalTestSuites":63,"numTotalTests":175,"openHandles":[],"snapshot":{"added":0,"didUpdate":false,"failure":false,"filesAdded":0,"filesRemoved":0,"filesRemovedList":[],"filesUnmatched":0,"filesUpdated":0,"matched":0,"total":0,"unchecked":0,"uncheckedKeysByFile":[],"unmatched":0,"updated":0},"startTime":1779684034906,"success":false,"testResults":[{"assertionResults":[{"ancestorTitles":["PaymentsService","submitPayment"],"duration":18,"failing":false,"failureDetails":[{"matcherResult":{"message":"expect(jest.fn()).toHaveBeenCalledWith(...expected)\n\nExpected: ObjectContaining {\"eventName\": \"PAYMENT_UNDER_REVIEW\", \"payload\": {\"paymentId\": \"pay-1\"}}\n\nNumber of calls: 0","pass":false}}],"failureMessages":["Error: expect(jest.fn()).toHaveBeenCalledWith(...expected)\n\nExpected: ObjectContaining {\"eventName\": \"PAYMENT_UNDER_REVIEW\", \"payload\": {\"paymentId\": \"pay-1\"}}\n\nNumber of calls: 0\n    at H:\\Cotizador-2.0-Enterprise\\backend\\src\\payments\\payments.service.spec.ts:78:40\n    at processTicksAndRejections (node:internal/process/task_queues:103:5)\n    at Object.<anonymous> (H:\\Cotizador-2.0-Enterprise\\backend\\src\\payments\\payments.service.spec.ts:62:7)"],"fullName":"PaymentsService submitPayment should create payment, save evidence via repo and transition to UNDER_REVIEW","invocations":1,"location":null,"numPassingAsserts":4,"retryReasons":[],"startAt":1779684036765,"status":"failed","title":"should create payment, save evidence via repo and transition to UNDER_REVIEW"},{"ancestorTitles":["PaymentsService","approvePayment"],"duration":3,"failing":false,"failureDetails":[],"failureMessages":[],"fullName":"PaymentsService approvePayment should approve payment","invocations":1,"location":null,"numPassingAsserts":1,"retryReasons":[],"startAt":1779684036789,"status":"passed","title":"should approve payment"},{"ancestorTitles":["PaymentsService","approvePayment"],"duration":7,"failing":false,"failureDetails":[],"failureMessages":[],"fullName":"PaymentsService approvePayment should throw exception if FSM blocks approval on invalid payment status","invocations":1,"location":null,"numPassingAsserts":1,"retryReasons":[],"startAt":1779684036792,"status":"passed","title":"should throw exception if FSM blocks approval on invalid payment status"}],"endTime":1779684036811,"message":"  ● PaymentsService › submitPayment › should create payment, save evidence via repo and transition to UNDER_REVIEW\n\n    expect(jest.fn()).toHaveBeenCalledWith(...expected)\n\n    Expected: ObjectContaining {\"eventName\": \"PAYMENT_UNDER_REVIEW\", \"payload\": {\"paymentId\": \"pay-1\"}}\n\n    Number of calls: 0\n\n    \u001b[0m \u001b[90m 76 |\u001b[39m         \n     \u001b[90m 77 |\u001b[39m         expect(paymentsRepo\u001b[33m.\u001b[39mupdate)\u001b[33m.\u001b[39mtoHaveBeenCalledWith(expect\u001b[33m.\u001b[39manything()\u001b[33m,\u001b[39m \u001b[32m'tenant-1'\u001b[39m\u001b[33m,\u001b[39m \u001b[32m'pay-1'\u001b[39m\u001b[33m,\u001b[39m { status\u001b[33m:\u001b[39m \u001b[33mPaymentStatus\u001b[39m\u001b[33m.\u001b[39m\u001b[33mUNDER_REVIEW\u001b[39m })\u001b[33m;\u001b[39m\n    \u001b[31m\u001b[1m>\u001b[22m\u001b[39m\u001b[90m 78 |\u001b[39m         expect(eventPublisher\u001b[33m.\u001b[39mpublish)\u001b[33m.\u001b[39mtoHaveBeenCalledWith(expect\u001b[33m.\u001b[39mobjectContaining({\n     \u001b[90m    |\u001b[39m                                        \u001b[31m\u001b[1m^\u001b[22m\u001b[39m\n     \u001b[90m 79 |\u001b[39m           eventName\u001b[33m:\u001b[39m \u001b[32m'PAYMENT_UNDER_REVIEW'\u001b[39m\u001b[33m,\u001b[39m\n     \u001b[90m 80 |\u001b[39m           payload\u001b[33m:\u001b[39m { paymentId\u001b[33m:\u001b[39m \u001b[32m'pay-1'\u001b[39m }\n     \u001b[90m 81 |\u001b[39m         }))\u001b[33m;\u001b[39m\u001b[0m\n\n      at payments/payments.service.spec.ts:78:40\n      at Object.<anonymous> (payments/payments.service.spec.ts:62:7)\n","name":"H:\\Cotizador-2.0-Enterprise\\backend\\src\\payments\\payments.service.spec.ts","startTime":1779684035589,"status":"failed","summary":""},{"assertionResults":[{"ancestorTitles":["OutboxProcessorService"],"duration":14,"failing":false,"failureDetails":[{"type":"OutboxProcessorService","context":{"index":1,"dependencies":[null,null]},"metadata":{"id":"578394a9baeba0726847b"},"moduleRef":{"id":"cba5c8eacf578394a9bae"}}],"failureMessages":["Error: Nest can't resolve dependencies of the OutboxProcessorService (PrismaService, ?). Please make sure that the argument DomainEventPublisher at index [1] is available in the RootTestModule module.\n\nPotential solutions:\n- Is RootTestModule a valid NestJS module?\n- If DomainEventPublisher is a provider, is it part of the current RootTestModule?\n- If DomainEventPublisher is exported from a separate @Module, is that module imported within RootTestModule?\n  @Module({\n    imports: [ /* the Module containing DomainEventPublisher */ ]\n  })\n\nFor more common dependency resolution issues, see: https://docs.nestjs.com/faq/common-errors\n    at TestingInjector.lookupComponentInParentModules (H:\\Cotizador-2.0-Enterprise\\backend\\node_modules\\@nestjs\\core\\injector\\injector.js:300:19)\n    at processTicksAndRejections (node:internal/process/task_queues:103:5)\n    at TestingInjector.resolveComponentWrapper (H:\\Cotizador-2.0-Enterprise\\backend\\node_modules\\@nestjs\\testing\\testing-injector.js:19:45)\n    at resolveParam (H:\\Cotizador-2.0-Enterprise\\backend\\node_modules\\@nestjs\\core\\injector\\injector.js:150:38)\n    at async Promise.all (index 1)\n    at TestingInjector.resolveConstructorParams (H:\\Cotizador-2.0-Enterprise\\backend\\node_modules\\@nestjs\\core\\injector\\injector.js:179:27)\n    at TestingInjector.loadInstance (H:\\Cotizador-2.0-Enterprise\\backend\\node_modules\\@nestjs\\core\\injector\\injector.js:77:13)\n    at TestingInjector.loadProvider (H:\\Cotizador-2.0-Enterprise\\backend\\node_modules\\@nestjs\\core\\injector\\injector.js:111:9)\n    at H:\\Cotizador-2.0-Enterprise\\backend\\node_modules\\@nestjs\\core\\injector\\instance-loader.js:56:13\n    at async Promise.all (index 3)\n    at TestingInstanceLoader.createInstancesOfProviders (H:\\Cotizador-2.0-Enterprise\\backend\\node_modules\\@nestjs\\core\\injector\\instance-loader.js:55:9)\n    at H:\\Cotizador-2.0-Enterprise\\backend\\node_modules\\@nestjs\\core\\injector\\instance-loader.js:40:13\n    at async Promise.all (index 1)\n    at TestingInstanceLoader.createInstances (H:\\Cotizador-2.0-Enterprise\\backend\\node_modules\\@nestjs\\core\\injector\\instance-loader.js:39:9)\n    at TestingInstanceLoader.createInstancesOfDependencies (H:\\Cotizador-2.0-Enterprise\\backend\\node_modules\\@nestjs\\core\\injector\\instance-loader.js:22:13)\n    at TestingInstanceLoader.createInstancesOfDependencies (H:\\Cotizador-2.0-Enterprise\\backend\\node_modules\\@nestjs\\testing\\testing-instance-loader.js:9:9)\n    at TestingModuleBuilder.createInstancesOfDependencies (H:\\Cotizador-2.0-Enterprise\\backend\\node_modules\\@nestjs\\testing\\testing-module.builder.js:119:9)\n    at TestingModuleBuilder.compile (H:\\Cotizador-2.0-Enterprise\\backend\\node_modules\\@nestjs\\testing\\testing-module.builder.js:74:9)\n    at Object.<anonymous> (H:\\Cotizador-2.0-Enterprise\\backend\\src\\common\\outbox\\outbox-processor.service.spec.ts:12:35)"],"fullName":"OutboxProcessorService should be defined","invocations":1,"location":null,"numPassingAsserts":0,"retryReasons":[],"startAt":1779684036761,"status":"failed","title":"should be defined"},{"ancestorTitles":["OutboxProcessorService"],"duration":2,"failing":false,"failureDetails":[{"type":"OutboxProcessorService","context":{"index":1,"dependencies":[null,null]},"metadata":{"id":"66f3d9e4d61dce81f9620"},"moduleRef":{"id":"0726847b9e66f3d9e4d61"}}],"failureMessages":["Error: Nest can't resolve dependencies of the OutboxProcessorService (PrismaService, ?). Please make sure that the argument DomainEventPublisher at index [1] is available in the RootTestModule module.\n\nPotential solutions:\n- Is RootTestModule a valid NestJS module?\n- If DomainEventPublisher is a provider, is it part of the current RootTestModule?\n- If DomainEventPublisher is exported from a separate @Module, is that module imported within RootTestModule?\n  @Module({\n    imports: [ /* the Module containing DomainEventPublisher */ ]\n  })\n\nFor more common dependency resolution issues, see: https://docs.nestjs.com/faq/common-errors\n    at TestingInjector.lookupComponentInParentModules (H:\\Cotizador-2.0-Enterprise\\backend\\node_modules\\@nestjs\\core\\injector\\injector.js:300:19)\n    at processTicksAndRejections (node:internal/process/task_queues:103:5)\n    at TestingInjector.resolveComponentWrapper (H:\\Cotizador-2.0-Enterprise\\backend\\node_modules\\@nestjs\\testing\\testing-injector.js:19:45)\n    at resolveParam (H:\\Cotizador-2.0-Enterprise\\backend\\node_modules\\@nestjs\\core\\injector\\injector.js:150:38)\n    at async Promise.all (index 1)\n    at TestingInjector.resolveConstructorParams (H:\\Cotizador-2.0-Enterprise\\backend\\node_modules\\@nestjs\\core\\injector\\injector.js:179:27)\n    at TestingInjector.loadInstance (H:\\Cotizador-2.0-Enterprise\\backend\\node_modules\\@nestjs\\core\\injector\\injector.js:77:13)\n    at TestingInjector.loadProvider (H:\\Cotizador-2.0-Enterprise\\backend\\node_modules\\@nestjs\\core\\injector\\injector.js:111:9)\n    at H:\\Cotizador-2.0-Enterprise\\backend\\node_modules\\@nestjs\\core\\injector\\instance-loader.js:56:13\n    at async Promise.all (index 3)\n    at TestingInstanceLoader.createInstancesOfProviders (H:\\Cotizador-2.0-Enterprise\\backend\\node_modules\\@nestjs\\core\\injector\\instance-loader.js:55:9)\n    at H:\\Cotizador-2.0-Enterprise\\backend\\node_modules\\@nestjs\\core\\injector\\instance-loader.js:40:13\n    at async Promise.all (index 1)\n    at TestingInstanceLoader.createInstances (H:\\Cotizador-2.0-Enterprise\\backend\\node_modules\\@nestjs\\core\\injector\\instance-loader.js:39:9)\n    at TestingInstanceLoader.createInstancesOfDependencies (H:\\Cotizador-2.0-Enterprise\\backend\\node_modules\\@nestjs\\core\\injector\\instance-loader.js:22:13)\n    at TestingInstanceLoader.createInstancesOfDependencies (H:\\Cotizador-2.0-Enterprise\\backend\\node_modules\\@nestjs\\testing\\testing-instance-loader.js:9:9)\n    at TestingModuleBuilder.createInstancesOfDependencies (H:\\Cotizador-2.0-Enterprise\\backend\\node_modules\\@nestjs\\testing\\testing-module.builder.js:119:9)\n    at TestingModuleBuilder.compile (H:\\Cotizador-2.0-Enterprise\\backend\\node_modules\\@nestjs\\testing\\testing-module.builder.js:74:9)\n    at Object.<anonymous> (H:\\Cotizador-2.0-Enterprise\\backend\\src\\common\\outbox\\outbox-processor.service.spec.ts:12:35)"],"fullName":"OutboxProcessorService should do nothing if no events are pending","invocations":1,"location":null,"numPassingAsserts":0,"retryReasons":[],"startAt":1779684036782,"status":"failed","title":"should do nothing if no events are pending"},{"ancestorTitles":["OutboxProcessorService"],"duration":2,"failing":false,"failureDetails":[{"type":"OutboxProcessorService","context":{"index":1,"dependencies":[null,null]},"metadata":{"id":"912119baf3d3518074d74"},"moduleRef":{"id":"e81f962051912119baf3d"}}],"failureMessages":["Error: Nest can't resolve dependencies of the OutboxProcessorService (PrismaService, ?). Please make sure that the argument DomainEventPublisher at index [1] is available in the RootTestModule module.\n\nPotential solutions:\n- Is RootTestModule a valid NestJS module?\n- If DomainEventPublisher is a provider, is it part of the current RootTestModule?\n- If DomainEventPublisher is exported from a separate @Module, is that module imported within RootTestModule?\n  @Module({\n    imports: [ /* the Module containing DomainEventPublisher */ ]\n  })\n\nFor more common dependency resolution issues, see: https://docs.nestjs.com/faq/common-errors\n    at TestingInjector.lookupComponentInParentModules (H:\\Cotizador-2.0-Enterprise\\backend\\node_modules\\@nestjs\\core\\injector\\injector.js:300:19)\n    at processTicksAndRejections (node:internal/process/task_queues:103:5)\n    at TestingInjector.resolveComponentWrapper (H:\\Cotizador-2.0-Enterprise\\backend\\node_modules\\@nestjs\\testing\\testing-injector.js:19:45)\n    at resolveParam (H:\\Cotizador-2.0-Enterprise\\backend\\node_modules\\@nestjs\\core\\injector\\injector.js:150:38)\n    at async Promise.all (index 1)\n    at TestingInjector.resolveConstructorParams (H:\\Cotizador-2.0-Enterprise\\backend\\node_modules\\@nestjs\\core\\injector\\injector.js:179:27)\n    at TestingInjector.loadInstance (H:\\Cotizador-2.0-Enterprise\\backend\\node_modules\\@nestjs\\core\\injector\\injector.js:77:13)\n    at TestingInjector.loadProvider (H:\\Cotizador-2.0-Enterprise\\backend\\node_modules\\@nestjs\\core\\injector\\injector.js:111:9)\n    at H:\\Cotizador-2.0-Enterprise\\backend\\node_modules\\@nestjs\\core\\injector\\instance-loader.js:56:13\n    at async Promise.all (index 3)\n    at TestingInstanceLoader.createInstancesOfProviders (H:\\Cotizador-2.0-Enterprise\\backend\\node_modules\\@nestjs\\core\\injector\\instance-loader.js:55:9)\n    at H:\\Cotizador-2.0-Enterprise\\backend\\node_modules\\@nestjs\\core\\injector\\instance-loader.js:40:13\n    at async Promise.all (index 1)\n    at TestingInstanceLoader.createInstances (H:\\Cotizador-2.0-Enterprise\\backend\\node_modules\\@nestjs\\core\\injector\\instance-loader.js:39:9)\n    at TestingInstanceLoader.createInstancesOfDependencies (H:\\Cotizador-2.0-Enterprise\\backend\\node_modules\\@nestjs\\core\\injector\\instance-loader.js:22:13)\n    at TestingInstanceLoader.createInstancesOfDependencies (H:\\Cotizador-2.0-Enterprise\\backend\\node_modules\\@nestjs\\testing\\testing-instance-loader.js:9:9)\n    at TestingModuleBuilder.createInstancesOfDependencies (H:\\Cotizador-2.0-Enterprise\\backend\\node_modules\\@nestjs\\testing\\testing-module.builder.js:119:9)\n    at TestingModuleBuilder.compile (H:\\Cotizador-2.0-Enterprise\\backend\\node_modules\\@nestjs\\testing\\testing-module.builder.js:74:9)\n    at Object.<anonymous> (H:\\Cotizador-2.0-Enterprise\\backend\\src\\common\\outbox\\outbox-processor.service.spec.ts:12:35)"],"fullName":"OutboxProcessorService should process a pending event successfully","invocations":1,"location":null,"numPassingAsserts":0,"retryReasons":[],"startAt":1779684036784,"status":"failed","title":"should process a pending event successfully"},{"ancestorTitles":["OutboxProcessorService"],"duration":1,"failing":false,"failureDetails":[{"type":"OutboxProcessorService","context":{"index":1,"dependencies":[null,null]},"metadata":{"id":"edda094a9e7294b4d5ab3"},"moduleRef":{"id":"18074d74d9edda094a9e7"}}],"failureMessages":["Error: Nest can't resolve dependencies of the OutboxProcessorService (PrismaService, ?). Please make sure that the argument DomainEventPublisher at index [1] is available in the RootTestModule module.\n\nPotential solutions:\n- Is RootTestModule a valid NestJS module?\n- If DomainEventPublisher is a provider, is it part of the current RootTestModule?\n- If DomainEventPublisher is exported from a separate @Module, is that module imported within RootTestModule?\n  @Module({\n    imports: [ /* the Module containing DomainEventPublisher */ ]\n  })\n\nFor more common dependency resolution issues, see: https://docs.nestjs.com/faq/common-errors\n    at TestingInjector.lookupComponentInParentModules (H:\\Cotizador-2.0-Enterprise\\backend\\node_modules\\@nestjs\\core\\injector\\injector.js:300:19)\n    at processTicksAndRejections (node:internal/process/task_queues:103:5)\n    at TestingInjector.resolveComponentWrapper (H:\\Cotizador-2.0-Enterprise\\backend\\node_modules\\@nestjs\\testing\\testing-injector.js:19:45)\n    at resolveParam (H:\\Cotizador-2.0-Enterprise\\backend\\node_modules\\@nestjs\\core\\injector\\injector.js:150:38)\n    at async Promise.all (index 1)\n    at TestingInjector.resolveConstructorParams (H:\\Cotizador-2.0-Enterprise\\backend\\node_modules\\@nestjs\\core\\injector\\injector.js:179:27)\n    at TestingInjector.loadInstance (H:\\Cotizador-2.0-Enterprise\\backend\\node_modules\\@nestjs\\core\\injector\\injector.js:77:13)\n    at TestingInjector.loadProvider (H:\\Cotizador-2.0-Enterprise\\backend\\node_modules\\@nestjs\\core\\injector\\injector.js:111:9)\n    at H:\\Cotizador-2.0-Enterprise\\backend\\node_modules\\@nestjs\\core\\injector\\instance-loader.js:56:13\n    at async Promise.all (index 3)\n    at TestingInstanceLoader.createInstancesOfProviders (H:\\Cotizador-2.0-Enterprise\\backend\\node_modules\\@nestjs\\core\\injector\\instance-loader.js:55:9)\n    at H:\\Cotizador-2.0-Enterprise\\backend\\node_modules\\@nestjs\\core\\injector\\instance-loader.js:40:13\n    at async Promise.all (index 1)\n    at TestingInstanceLoader.createInstances (H:\\Cotizador-2.0-Enterprise\\backend\\node_modules\\@nestjs\\core\\injector\\instance-loader.js:39:9)\n    at TestingInstanceLoader.createInstancesOfDependencies (H:\\Cotizador-2.0-Enterprise\\backend\\node_modules\\@nestjs\\core\\injector\\instance-loader.js:22:13)\n    at TestingInstanceLoader.createInstancesOfDependencies (H:\\Cotizador-2.0-Enterprise\\backend\\node_modules\\@nestjs\\testing\\testing-instance-loader.js:9:9)\n    at TestingModuleBuilder.createInstancesOfDependencies (H:\\Cotizador-2.0-Enterprise\\backend\\node_modules\\@nestjs\\testing\\testing-module.builder.js:119:9)\n    at TestingModuleBuilder.compile (H:\\Cotizador-2.0-Enterprise\\backend\\node_modules\\@nestjs\\testing\\testing-module.builder.js:74:9)\n    at Object.<anonymous> (H:\\Cotizador-2.0-Enterprise\\backend\\src\\common\\outbox\\outbox-processor.service.spec.ts:12:35)"],"fullName":"OutboxProcessorService should rollback and catch error when emitAsync fails","invocations":1,"location":null,"numPassingAsserts":0,"retryReasons":[],"startAt":1779684036787,"status":"failed","title":"should rollback and catch error when emitAsync fails"}],"endTime":1779684036822,"message":"  ● OutboxProcessorService › should be defined\n\n    Nest can't resolve dependencies of the OutboxProcessorService (PrismaService, ?). Please make sure that the argument DomainEventPublisher at index [1] is available in the RootTestModule module.\n\n    Potential solutions:\n    - Is RootTestModule a valid NestJS module?\n    - If DomainEventPublisher is a provider, is it part of the current RootTestModule?\n    - If DomainEventPublisher is exported from a separate @Module, is that module imported within RootTestModule?\n      @Module({\n        imports: [ /* the Module containing DomainEventPublisher */ ]\n      })\n\n    For more common dependency resolution issues, see: https://docs.nestjs.com/faq/common-errors\n\n    \u001b[0m \u001b[90m 10 |\u001b[39m\n     \u001b[90m 11 |\u001b[39m   beforeEach(\u001b[36masync\u001b[39m () \u001b[33m=>\u001b[39m {\n    \u001b[31m\u001b[1m>\u001b[22m\u001b[39m\u001b[90m 12 |\u001b[39m     \u001b[36mconst\u001b[39m module\u001b[33m:\u001b[39m \u001b[33mTestingModule\u001b[39m \u001b[33m=\u001b[39m \u001b[36mawait\u001b[39m \u001b[33mTest\u001b[39m\u001b[33m.\u001b[39mcreateTestingModule({\n     \u001b[90m    |\u001b[39m                                   \u001b[31m\u001b[1m^\u001b[22m\u001b[39m\n     \u001b[90m 13 |\u001b[39m       providers\u001b[33m:\u001b[39m [\n     \u001b[90m 14 |\u001b[39m         \u001b[33mOutboxProcessorService\u001b[39m\u001b[33m,\u001b[39m\n     \u001b[90m 15 |\u001b[39m         {\u001b[0m\n\n      at TestingInjector.lookupComponentInParentModules (../node_modules/@nestjs/core/injector/injector.js:300:19)\n      at TestingInjector.resolveComponentWrapper (../node_modules/@nestjs/testing/testing-injector.js:19:45)\n      at resolveParam (../node_modules/@nestjs/core/injector/injector.js:150:38)\n          at async Promise.all (index 1)\n      at TestingInjector.resolveConstructorParams (../node_modules/@nestjs/core/injector/injector.js:179:27)\n      at TestingInjector.loadInstance (../node_modules/@nestjs/core/injector/injector.js:77:13)\n      at TestingInjector.loadProvider (../node_modules/@nestjs/core/injector/injector.js:111:9)\n      at ../node_modules/@nestjs/core/injector/instance-loader.js:56:13\n          at async Promise.all (index 3)\n      at TestingInstanceLoader.createInstancesOfProviders (../node_modules/@nestjs/core/injector/instance-loader.js:55:9)\n      at ../node_modules/@nestjs/core/injector/instance-loader.js:40:13\n          at async Promise.all (index 1)\n      at TestingInstanceLoader.createInstances (../node_modules/@nestjs/core/injector/instance-loader.js:39:9)\n      at TestingInstanceLoader.createInstancesOfDependencies (../node_modules/@nestjs/core/injector/instance-loader.js:22:13)\n      at TestingInstanceLoader.createInstancesOfDependencies (../node_modules/@nestjs/testing/testing-instance-loader.js:9:9)\n      at TestingModuleBuilder.createInstancesOfDependencies (../node_modules/@nestjs/testing/testing-module.builder.js:119:9)\n      at TestingModuleBuilder.compile (../node_modules/@nestjs/testing/testing-module.builder.js:74:9)\n      at Object.<anonymous> (common/outbox/outbox-processor.service.spec.ts:12:35)\n\n  ● OutboxProcessorService › should do nothing if no events are pending\n\n    Nest can't resolve dependencies of the OutboxProcessorService (PrismaService, ?). Please make sure that the argument DomainEventPublisher at index [1] is available in the RootTestModule module.\n\n    Potential solutions:\n    - Is RootTestModule a valid NestJS module?\n    - If DomainEventPublisher is a provider, is it part of the current RootTestModule?\n    - If DomainEventPublisher is exported from a separate @Module, is that module imported within RootTestModule?\n      @Module({\n        imports: [ /* the Module containing DomainEventPublisher */ ]\n      })\n\n    For more common dependency resolution issues, see: https://docs.nestjs.com/faq/common-errors\n\n    \u001b[0m \u001b[90m 10 |\u001b[39m\n     \u001b[90m 11 |\u001b[39m   beforeEach(\u001b[36masync\u001b[39m () \u001b[33m=>\u001b[39m {\n    \u001b[31m\u001b[1m>\u001b[22m\u001b[39m\u001b[90m 12 |\u001b[39m     \u001b[36mconst\u001b[39m module\u001b[33m:\u001b[39m \u001b[33mTestingModule\u001b[39m \u001b[33m=\u001b[39m \u001b[36mawait\u001b[39m \u001b[33mTest\u001b[39m\u001b[33m.\u001b[39mcreateTestingModule({\n     \u001b[90m    |\u001b[39m                                   \u001b[31m\u001b[1m^\u001b[22m\u001b[39m\n     \u001b[90m 13 |\u001b[39m       providers\u001b[33m:\u001b[39m [\n     \u001b[90m 14 |\u001b[39m         \u001b[33mOutboxProcessorService\u001b[39m\u001b[33m,\u001b[39m\n     \u001b[90m 15 |\u001b[39m         {\u001b[0m\n\n      at TestingInjector.lookupComponentInParentModules (../node_modules/@nestjs/core/injector/injector.js:300:19)\n      at TestingInjector.resolveComponentWrapper (../node_modules/@nestjs/testing/testing-injector.js:19:45)\n      at resolveParam (../node_modules/@nestjs/core/injector/injector.js:150:38)\n          at async Promise.all (index 1)\n      at TestingInjector.resolveConstructorParams (../node_modules/@nestjs/core/injector/injector.js:179:27)\n      at TestingInjector.loadInstance (../node_modules/@nestjs/core/injector/injector.js:77:13)\n      at TestingInjector.loadProvider (../node_modules/@nestjs/core/injector/injector.js:111:9)\n      at ../node_modules/@nestjs/core/injector/instance-loader.js:56:13\n          at async Promise.all (index 3)\n      at TestingInstanceLoader.createInstancesOfProviders (../node_modules/@nestjs/core/injector/instance-loader.js:55:9)\n      at ../node_modules/@nestjs/core/injector/instance-loader.js:40:13\n          at async Promise.all (index 1)\n      at TestingInstanceLoader.createInstances (../node_modules/@nestjs/core/injector/instance-loader.js:39:9)\n      at TestingInstanceLoader.createInstancesOfDependencies (../node_modules/@nestjs/core/injector/instance-loader.js:22:13)\n      at TestingInstanceLoader.createInstancesOfDependencies (../node_modules/@nestjs/testing/testing-instance-loader.js:9:9)\n      at TestingModuleBuilder.createInstancesOfDependencies (../node_modules/@nestjs/testing/testing-module.builder.js:119:9)\n      at TestingModuleBuilder.compile (../node_modules/@nestjs/testing/testing-module.builder.js:74:9)\n      at Object.<anonymous> (common/outbox/outbox-processor.service.spec.ts:12:35)\n\n  ● OutboxProcessorService › should process a pending event successfully\n\n    Nest can't resolve dependencies of the OutboxProcessorService (PrismaService, ?). Please make sure that the argument DomainEventPublisher at index [1] is available in the RootTestModule module.\n\n    Potential solutions:\n    - Is RootTestModule a valid NestJS module?\n    - If DomainEventPublisher is a provider, is it part of the current RootTestModule?\n    - If DomainEventPublisher is exported from a separate @Module, is that module imported within RootTestModule?\n      @Module({\n        imports: [ /* the Module containing DomainEventPublisher */ ]\n      })\n\n    For more common dependency resolution issues, see: https://docs.nestjs.com/faq/common-errors\n\n    \u001b[0m \u001b[90m 10 |\u001b[39m\n     \u001b[90m 11 |\u001b[39m   beforeEach(\u001b[36masync\u001b[39m () \u001b[33m=>\u001b[39m {\n    \u001b[31m\u001b[1m>\u001b[22m\u001b[39m\u001b[90m 12 |\u001b[39m     \u001b[36mconst\u001b[39m module\u001b[33m:\u001b[39m \u001b[33mTestingModule\u001b[39m \u001b[33m=\u001b[39m \u001b[36mawait\u001b[39m \u001b[33mTest\u001b[39m\u001b[33m.\u001b[39mcreateTestingModule({\n     \u001b[90m    |\u001b[39m                                   \u001b[31m\u001b[1m^\u001b[22m\u001b[39m\n     \u001b[90m 13 |\u001b[39m       providers\u001b[33m:\u001b[39m [\n     \u001b[90m 14 |\u001b[39m         \u001b[33mOutboxProcessorService\u001b[39m\u001b[33m,\u001b[39m\n     \u001b[90m 15 |\u001b[39m         {\u001b[0m\n\n      at TestingInjector.lookupComponentInParentModules (../node_modules/@nestjs/core/injector/injector.js:300:19)\n      at TestingInjector.resolveComponentWrapper (../node_modules/@nestjs/testing/testing-injector.js:19:45)\n      at resolveParam (../node_modules/@nestjs/core/injector/injector.js:150:38)\n          at async Promise.all (index 1)\n      at TestingInjector.resolveConstructorParams (../node_modules/@nestjs/core/injector/injector.js:179:27)\n      at TestingInjector.loadInstance (../node_modules/@nestjs/core/injector/injector.js:77:13)\n      at TestingInjector.loadProvider (../node_modules/@nestjs/core/injector/injector.js:111:9)\n      at ../node_modules/@nestjs/core/injector/instance-loader.js:56:13\n          at async Promise.all (index 3)\n      at TestingInstanceLoader.createInstancesOfProviders (../node_modules/@nestjs/core/injector/instance-loader.js:55:9)\n      at ../node_modules/@nestjs/core/injector/instance-loader.js:40:13\n          at async Promise.all (index 1)\n      at TestingInstanceLoader.createInstances (../node_modules/@nestjs/core/injector/instance-loader.js:39:9)\n      at TestingInstanceLoader.createInstancesOfDependencies (../node_modules/@nestjs/core/injector/instance-loader.js:22:13)\n      at TestingInstanceLoader.createInstancesOfDependencies (../node_modules/@nestjs/testing/testing-instance-loader.js:9:9)\n      at TestingModuleBuilder.createInstancesOfDependencies (../node_modules/@nestjs/testing/testing-module.builder.js:119:9)\n      at TestingModuleBuilder.compile (../node_modules/@nestjs/testing/testing-module.builder.js:74:9)\n      at Object.<anonymous> (common/outbox/outbox-processor.service.spec.ts:12:35)\n\n  ● OutboxProcessorService › should rollback and catch error when emitAsync fails\n\n    Nest can't resolve dependencies of the OutboxProcessorService (PrismaService, ?). Please make sure that the argument DomainEventPublisher at index [1] is available in the RootTestModule module.\n\n    Potential solutions:\n    - Is RootTestModule a valid NestJS module?\n    - If DomainEventPublisher is a provider, is it part of the current RootTestModule?\n    - If DomainEventPublisher is exported from a separate @Module, is that module imported within RootTestModule?\n      @Module({\n        imports: [ /* the Module containing DomainEventPublisher */ ]\n      })\n\n    For more common dependency resolution issues, see: https://docs.nestjs.com/faq/common-errors\n\n    \u001b[0m \u001b[90m 10 |\u001b[39m\n     \u001b[90m 11 |\u001b[39m   beforeEach(\u001b[36masync\u001b[39m () \u001b[33m=>\u001b[39m {\n    \u001b[31m\u001b[1m>\u001b[22m\u001b[39m\u001b[90m 12 |\u001b[39m     \u001b[36mconst\u001b[39m module\u001b[33m:\u001b[39m \u001b[33mTestingModule\u001b[39m \u001b[33m=\u001b[39m \u001b[36mawait\u001b[39m \u001b[33mTest\u001b[39m\u001b[33m.\u001b[39mcreateTestingModule({\n     \u001b[90m    |\u001b[39m                                   \u001b[31m\u001b[1m^\u001b[22m\u001b[39m\n     \u001b[90m 13 |\u001b[39m       providers\u001b[33m:\u001b[39m [\n     \u001b[90m 14 |\u001b[39m         \u001b[33mOutboxProcessorService\u001b[39m\u001b[33m,\u001b[39m\n     \u001b[90m 15 |\u001b[39m         {\u001b[0m\n\n      at TestingInjector.lookupComponentInParentModules (../node_modules/@nestjs/core/injector/injector.js:300:19)\n      at TestingInjector.resolveComponentWrapper (../node_modules/@nestjs/testing/testing-injector.js:19:45)\n      at resolveParam (../node_modules/@nestjs/core/injector/injector.js:150:38)\n          at async Promise.all (index 1)\n      at TestingInjector.resolveConstructorParams (../node_modules/@nestjs/core/injector/injector.js:179:27)\n      at TestingInjector.loadInstance (../node_modules/@nestjs/core/injector/injector.js:77:13)\n      at TestingInjector.loadProvider (../node_modules/@nestjs/core/injector/injector.js:111:9)\n      at ../node_modules/@nestjs/core/injector/instance-loader.js:56:13\n          at async Promise.all (index 3)\n      at TestingInstanceLoader.createInstancesOfProviders (../node_modules/@nestjs/core/injector/instance-loader.js:55:9)\n      at ../node_modules/@nestjs/core/injector/instance-loader.js:40:13\n          at async Promise.all (index 1)\n      at TestingInstanceLoader.createInstances (../node_modules/@nestjs/core/injector/instance-loader.js:39:9)\n      at TestingInstanceLoader.createInstancesOfDependencies (../node_modules/@nestjs/core/injector/instance-loader.js:22:13)\n      at TestingInstanceLoader.createInstancesOfDependencies (../node_modules/@nestjs/testing/testing-instance-loader.js:9:9)\n      at TestingModuleBuilder.createInstancesOfDependencies (../node_modules/@nestjs/testing/testing-module.builder.js:119:9)\n      at TestingModuleBuilder.compile (../node_modules/@nestjs/testing/testing-module.builder.js:74:9)\n      at Object.<anonymous> (common/outbox/outbox-processor.service.spec.ts:12:35)\n","name":"H:\\Cotizador-2.0-Enterprise\\backend\\src\\common\\outbox\\outbox-processor.service.spec.ts","startTime":1779684035557,"status":"failed","summary":""},{"assertionResults":[{"ancestorTitles":["ReviewsService"],"duration":12,"failing":false,"failureDetails":[{"type":"ReviewsService","context":{"index":0,"dependencies":[null,null,null]},"metadata":{"id":"5edd515ccce6383864940"},"moduleRef":{"id":"f1f3c47f935edd515ccce"}}],"failureMessages":["Error: Nest can't resolve dependencies of the ReviewsService (?, PrismaService, EventEmitter). Please make sure that the argument ReviewsRepository at index [0] is available in the RootTestModule module.\n\nPotential solutions:\n- Is RootTestModule a valid NestJS module?\n- If ReviewsRepository is a provider, is it part of the current RootTestModule?\n- If ReviewsRepository is exported from a separate @Module, is that module imported within RootTestModule?\n  @Module({\n    imports: [ /* the Module containing ReviewsRepository */ ]\n  })\n\nFor more common dependency resolution issues, see: https://docs.nestjs.com/faq/common-errors\n    at TestingInjector.lookupComponentInParentModules (H:\\Cotizador-2.0-Enterprise\\backend\\node_modules\\@nestjs\\core\\injector\\injector.js:300:19)\n    at processTicksAndRejections (node:internal/process/task_queues:103:5)\n    at TestingInjector.resolveComponentWrapper (H:\\Cotizador-2.0-Enterprise\\backend\\node_modules\\@nestjs\\testing\\testing-injector.js:19:45)\n    at resolveParam (H:\\Cotizador-2.0-Enterprise\\backend\\node_modules\\@nestjs\\core\\injector\\injector.js:150:38)\n    at async Promise.all (index 0)\n    at TestingInjector.resolveConstructorParams (H:\\Cotizador-2.0-Enterprise\\backend\\node_modules\\@nestjs\\core\\injector\\injector.js:179:27)\n    at TestingInjector.loadInstance (H:\\Cotizador-2.0-Enterprise\\backend\\node_modules\\@nestjs\\core\\injector\\injector.js:77:13)\n    at TestingInjector.loadProvider (H:\\Cotizador-2.0-Enterprise\\backend\\node_modules\\@nestjs\\core\\injector\\injector.js:111:9)\n    at H:\\Cotizador-2.0-Enterprise\\backend\\node_modules\\@nestjs\\core\\injector\\instance-loader.js:56:13\n    at async Promise.all (index 3)\n    at TestingInstanceLoader.createInstancesOfProviders (H:\\Cotizador-2.0-Enterprise\\backend\\node_modules\\@nestjs\\core\\injector\\instance-loader.js:55:9)\n    at H:\\Cotizador-2.0-Enterprise\\backend\\node_modules\\@nestjs\\core\\injector\\instance-loader.js:40:13\n    at async Promise.all (index 1)\n    at TestingInstanceLoader.createInstances (H:\\Cotizador-2.0-Enterprise\\backend\\node_modules\\@nestjs\\core\\injector\\instance-loader.js:39:9)\n    at TestingInstanceLoader.createInstancesOfDependencies (H:\\Cotizador-2.0-Enterprise\\backend\\node_modules\\@nestjs\\core\\injector\\instance-loader.js:22:13)\n    at TestingInstanceLoader.createInstancesOfDependencies (H:\\Cotizador-2.0-Enterprise\\backend\\node_modules\\@nestjs\\testing\\testing-instance-loader.js:9:9)\n    at TestingModuleBuilder.createInstancesOfDependencies (H:\\Cotizador-2.0-Enterprise\\backend\\node_modules\\@nestjs\\testing\\testing-module.builder.js:119:9)\n    at TestingModuleBuilder.compile (H:\\Cotizador-2.0-Enterprise\\backend\\node_modules\\@nestjs\\testing\\testing-module.builder.js:74:9)\n    at Object.<anonymous> (H:\\Cotizador-2.0-Enterprise\\backend\\src\\reviews\\reviews.service.spec.ts:8:35)"],"fullName":"ReviewsService should be defined","invocations":1,"location":null,"numPassingAsserts":0,"retryReasons":[],"startAt":1779684036896,"status":"failed","title":"should be defined"}],"endTime":1779684036925,"message":"  ● ReviewsService › should be defined\n\n    Nest can't resolve dependencies of the ReviewsService (?, PrismaService, EventEmitter). Please make sure that the argument ReviewsRepository at index [0] is available in the RootTestModule module.\n\n    Potential solutions:\n    - Is RootTestModule a valid NestJS module?\n    - If ReviewsRepository is a provider, is it part of the current RootTestModule?\n    - If ReviewsRepository is exported from a separate @Module, is that module imported within RootTestModule?\n      @Module({\n        imports: [ /* the Module containing ReviewsRepository */ ]\n      })\n\n    For more common dependency resolution issues, see: https://docs.nestjs.com/faq/common-errors\n\n    \u001b[0m \u001b[90m  6 |\u001b[39m\n     \u001b[90m  7 |\u001b[39m   beforeEach(\u001b[36masync\u001b[39m () \u001b[33m=>\u001b[39m {\n    \u001b[31m\u001b[1m>\u001b[22m\u001b[39m\u001b[90m  8 |\u001b[39m     \u001b[36mconst\u001b[39m module\u001b[33m:\u001b[39m \u001b[33mTestingModule\u001b[39m \u001b[33m=\u001b[39m \u001b[36mawait\u001b[39m \u001b[33mTest\u001b[39m\u001b[33m.\u001b[39mcreateTestingModule({\n     \u001b[90m    |\u001b[39m                                   \u001b[31m\u001b[1m^\u001b[22m\u001b[39m\n     \u001b[90m  9 |\u001b[39m       providers\u001b[33m:\u001b[39m [\u001b[33mReviewsService\u001b[39m]\u001b[33m,\u001b[39m\n     \u001b[90m 10 |\u001b[39m     })\u001b[33m.\u001b[39mcompile()\u001b[33m;\u001b[39m\n     \u001b[90m 11 |\u001b[39m\u001b[0m\n\n      at TestingInjector.lookupComponentInParentModules (../node_modules/@nestjs/core/injector/injector.js:300:19)\n      at TestingInjector.resolveComponentWrapper (../node_modules/@nestjs/testing/testing-injector.js:19:45)\n      at resolveParam (../node_modules/@nestjs/core/injector/injector.js:150:38)\n          at async Promise.all (index 0)\n      at TestingInjector.resolveConstructorParams (../node_modules/@nestjs/core/injector/injector.js:179:27)\n      at TestingInjector.loadInstance (../node_modules/@nestjs/core/injector/injector.js:77:13)\n      at TestingInjector.loadProvider (../node_modules/@nestjs/core/injector/injector.js:111:9)\n      at ../node_modules/@nestjs/core/injector/instance-loader.js:56:13\n          at async Promise.all (index 3)\n      at TestingInstanceLoader.createInstancesOfProviders (../node_modules/@nestjs/core/injector/instance-loader.js:55:9)\n      at ../node_modules/@nestjs/core/injector/instance-loader.js:40:13\n          at async Promise.all (index 1)\n      at TestingInstanceLoader.createInstances (../node_modules/@nestjs/core/injector/instance-loader.js:39:9)\n      at TestingInstanceLoader.createInstancesOfDependencies (../node_modules/@nestjs/core/injector/instance-loader.js:22:13)\n      at TestingInstanceLoader.createInstancesOfDependencies (../node_modules/@nestjs/testing/testing-instance-loader.js:9:9)\n      at TestingModuleBuilder.createInstancesOfDependencies (../node_modules/@nestjs/testing/testing-module.builder.js:119:9)\n      at TestingModuleBuilder.compile (../node_modules/@nestjs/testing/testing-module.builder.js:74:9)\n      at Object.<anonymous> (reviews/reviews.service.spec.ts:8:35)\n","name":"H:\\Cotizador-2.0-Enterprise\\backend\\src\\reviews\\reviews.service.spec.ts","startTime":1779684035633,"status":"failed","summary":""},{"assertionResults":[{"ancestorTitles":["RbacController"],"duration":21,"failing":false,"failureDetails":[{"type":"JwtAuthGuard","context":{"index":0,"dependencies":[null]},"metadata":{"id":"9ff599619389285dc0e1c"},"moduleRef":{"id":"b8f2c105c9b499ff59961"}}],"failureMessages":["Error: Nest can't resolve dependencies of the JwtAuthGuard (?). Please make sure that the argument JwtService at index [0] is available in the RootTestModule module.\n\nPotential solutions:\n- Is RootTestModule a valid NestJS module?\n- If JwtService is a provider, is it part of the current RootTestModule?\n- If JwtService is exported from a separate @Module, is that module imported within RootTestModule?\n  @Module({\n    imports: [ /* the Module containing JwtService */ ]\n  })\n\nFor more common dependency resolution issues, see: https://docs.nestjs.com/faq/common-errors\n    at TestingInjector.lookupComponentInParentModules (H:\\Cotizador-2.0-Enterprise\\backend\\node_modules\\@nestjs\\core\\injector\\injector.js:300:19)\n    at processTicksAndRejections (node:internal/process/task_queues:103:5)\n    at TestingInjector.resolveComponentWrapper (H:\\Cotizador-2.0-Enterprise\\backend\\node_modules\\@nestjs\\testing\\testing-injector.js:19:45)\n    at resolveParam (H:\\Cotizador-2.0-Enterprise\\backend\\node_modules\\@nestjs\\core\\injector\\injector.js:150:38)\n    at async Promise.all (index 0)\n    at TestingInjector.resolveConstructorParams (H:\\Cotizador-2.0-Enterprise\\backend\\node_modules\\@nestjs\\core\\injector\\injector.js:179:27)\n    at TestingInjector.loadInstance (H:\\Cotizador-2.0-Enterprise\\backend\\node_modules\\@nestjs\\core\\injector\\injector.js:77:13)\n    at TestingInjector.loadInjectable (H:\\Cotizador-2.0-Enterprise\\backend\\node_modules\\@nestjs\\core\\injector\\injector.js:104:9)\n    at H:\\Cotizador-2.0-Enterprise\\backend\\node_modules\\@nestjs\\core\\injector\\instance-loader.js:80:13\n    at async Promise.all (index 0)\n    at TestingInstanceLoader.createInstancesOfInjectables (H:\\Cotizador-2.0-Enterprise\\backend\\node_modules\\@nestjs\\core\\injector\\instance-loader.js:79:9)\n    at H:\\Cotizador-2.0-Enterprise\\backend\\node_modules\\@nestjs\\core\\injector\\instance-loader.js:41:13\n    at async Promise.all (index 1)\n    at TestingInstanceLoader.createInstances (H:\\Cotizador-2.0-Enterprise\\backend\\node_modules\\@nestjs\\core\\injector\\instance-loader.js:39:9)\n    at TestingInstanceLoader.createInstancesOfDependencies (H:\\Cotizador-2.0-Enterprise\\backend\\node_modules\\@nestjs\\core\\injector\\instance-loader.js:22:13)\n    at TestingInstanceLoader.createInstancesOfDependencies (H:\\Cotizador-2.0-Enterprise\\backend\\node_modules\\@nestjs\\testing\\testing-instance-loader.js:9:9)\n    at TestingModuleBuilder.createInstancesOfDependencies (H:\\Cotizador-2.0-Enterprise\\backend\\node_modules\\@nestjs\\testing\\testing-module.builder.js:119:9)\n    at TestingModuleBuilder.compile (H:\\Cotizador-2.0-Enterprise\\backend\\node_modules\\@nestjs\\testing\\testing-module.builder.js:74:9)\n    at Object.<anonymous> (H:\\Cotizador-2.0-Enterprise\\backend\\src\\rbac\\rbac.controller.spec.ts:9:35)"],"fullName":"RbacController should be defined","invocations":1,"location":null,"numPassingAsserts":0,"retryReasons":[],"startAt":1779684036889,"status":"failed","title":"should be defined"}],"endTime":1779684036927,"message":"  ● RbacController › should be defined\n\n    Nest can't resolve dependencies of the JwtAuthGuard (?). Please make sure that the argument JwtService at index [0] is available in the RootTestModule module.\n\n    Potential solutions:\n    - Is RootTestModule a valid NestJS module?\n    - If JwtService is a provider, is it part of the current RootTestModule?\n    - If JwtService is exported from a separate @Module, is that module imported within RootTestModule?\n      @Module({\n        imports: [ /* the Module containing JwtService */ ]\n      })\n\n    For more common dependency resolution issues, see: https://docs.nestjs.com/faq/common-errors\n\n    \u001b[0m \u001b[90m  7 |\u001b[39m\n     \u001b[90m  8 |\u001b[39m   beforeEach(\u001b[36masync\u001b[39m () \u001b[33m=>\u001b[39m {\n    \u001b[31m\u001b[1m>\u001b[22m\u001b[39m\u001b[90m  9 |\u001b[39m     \u001b[36mconst\u001b[39m module\u001b[33m:\u001b[39m \u001b[33mTestingModule\u001b[39m \u001b[33m=\u001b[39m \u001b[36mawait\u001b[39m \u001b[33mTest\u001b[39m\u001b[33m.\u001b[39mcreateTestingModule({\n     \u001b[90m    |\u001b[39m                                   \u001b[31m\u001b[1m^\u001b[22m\u001b[39m\n     \u001b[90m 10 |\u001b[39m       controllers\u001b[33m:\u001b[39m [\u001b[33mRbacController\u001b[39m]\u001b[33m,\u001b[39m\n     \u001b[90m 11 |\u001b[39m       providers\u001b[33m:\u001b[39m [\u001b[33mRbacService\u001b[39m]\u001b[33m,\u001b[39m\n     \u001b[90m 12 |\u001b[39m     })\u001b[33m.\u001b[39mcompile()\u001b[33m;\u001b[39m\u001b[0m\n\n      at TestingInjector.lookupComponentInParentModules (../node_modules/@nestjs/core/injector/injector.js:300:19)\n      at TestingInjector.resolveComponentWrapper (../node_modules/@nestjs/testing/testing-injector.js:19:45)\n      at resolveParam (../node_modules/@nestjs/core/injector/injector.js:150:38)\n          at async Promise.all (index 0)\n      at TestingInjector.resolveConstructorParams (../node_modules/@nestjs/core/injector/injector.js:179:27)\n      at TestingInjector.loadInstance (../node_modules/@nestjs/core/injector/injector.js:77:13)\n      at TestingInjector.loadInjectable (../node_modules/@nestjs/core/injector/injector.js:104:9)\n      at ../node_modules/@nestjs/core/injector/instance-loader.js:80:13\n          at async Promise.all (index 0)\n      at TestingInstanceLoader.createInstancesOfInjectables (../node_modules/@nestjs/core/injector/instance-loader.js:79:9)\n      at ../node_modules/@nestjs/core/injector/instance-loader.js:41:13\n          at async Promise.all (index 1)\n      at TestingInstanceLoader.createInstances (../node_modules/@nestjs/core/injector/instance-loader.js:39:9)\n      at TestingInstanceLoader.createInstancesOfDependencies (../node_modules/@nestjs/core/injector/instance-loader.js:22:13)\n      at TestingInstanceLoader.createInstancesOfDependencies (../node_modules/@nestjs/testing/testing-instance-loader.js:9:9)\n      at TestingModuleBuilder.createInstancesOfDependencies (../node_modules/@nestjs/testing/testing-module.builder.js:119:9)\n      at TestingModuleBuilder.compile (../node_modules/@nestjs/testing/testing-module.builder.js:74:9)\n      at Object.<anonymous> (rbac/rbac.controller.spec.ts:9:35)\n","name":"H:\\Cotizador-2.0-Enterprise\\backend\\src\\rbac\\rbac.controller.spec.ts","startTime":1779684035534,"status":"failed","summary":""},{"assertionResults":[{"ancestorTitles":["DocumentViewerService"],"duration":13,"failing":false,"failureDetails":[{"type":"DocumentViewerService","context":{"index":3,"dependencies":[null,null,null,null,null]},"metadata":{"id":"1f3584dc76a7f91a52b5f"},"moduleRef":{"id":"9405a515ec1f3584dc76a"}}],"failureMessages":["Error: Nest can't resolve dependencies of the DocumentViewerService (ClientFileRepository, QuoteFileRepository, ContractFileRepository, ?, FinancialFileRepository). Please make sure that the argument AgreementFileRepository at index [3] is available in the RootTestModule module.\n\nPotential solutions:\n- Is RootTestModule a valid NestJS module?\n- If AgreementFileRepository is a provider, is it part of the current RootTestModule?\n- If AgreementFileRepository is exported from a separate @Module, is that module imported within RootTestModule?\n  @Module({\n    imports: [ /* the Module containing AgreementFileRepository */ ]\n  })\n\nFor more common dependency resolution issues, see: https://docs.nestjs.com/faq/common-errors\n    at TestingInjector.lookupComponentInParentModules (H:\\Cotizador-2.0-Enterprise\\backend\\node_modules\\@nestjs\\core\\injector\\injector.js:300:19)\n    at processTicksAndRejections (node:internal/process/task_queues:103:5)\n    at TestingInjector.resolveComponentWrapper (H:\\Cotizador-2.0-Enterprise\\backend\\node_modules\\@nestjs\\testing\\testing-injector.js:19:45)\n    at resolveParam (H:\\Cotizador-2.0-Enterprise\\backend\\node_modules\\@nestjs\\core\\injector\\injector.js:150:38)\n    at async Promise.all (index 3)\n    at TestingInjector.resolveConstructorParams (H:\\Cotizador-2.0-Enterprise\\backend\\node_modules\\@nestjs\\core\\injector\\injector.js:179:27)\n    at TestingInjector.loadInstance (H:\\Cotizador-2.0-Enterprise\\backend\\node_modules\\@nestjs\\core\\injector\\injector.js:77:13)\n    at TestingInjector.loadProvider (H:\\Cotizador-2.0-Enterprise\\backend\\node_modules\\@nestjs\\core\\injector\\injector.js:111:9)\n    at H:\\Cotizador-2.0-Enterprise\\backend\\node_modules\\@nestjs\\core\\injector\\instance-loader.js:56:13\n    at async Promise.all (index 3)\n    at TestingInstanceLoader.createInstancesOfProviders (H:\\Cotizador-2.0-Enterprise\\backend\\node_modules\\@nestjs\\core\\injector\\instance-loader.js:55:9)\n    at H:\\Cotizador-2.0-Enterprise\\backend\\node_modules\\@nestjs\\core\\injector\\instance-loader.js:40:13\n    at async Promise.all (index 1)\n    at TestingInstanceLoader.createInstances (H:\\Cotizador-2.0-Enterprise\\backend\\node_modules\\@nestjs\\core\\injector\\instance-loader.js:39:9)\n    at TestingInstanceLoader.createInstancesOfDependencies (H:\\Cotizador-2.0-Enterprise\\backend\\node_modules\\@nestjs\\core\\injector\\instance-loader.js:22:13)\n    at TestingInstanceLoader.createInstancesOfDependencies (H:\\Cotizador-2.0-Enterprise\\backend\\node_modules\\@nestjs\\testing\\testing-instance-loader.js:9:9)\n    at TestingModuleBuilder.createInstancesOfDependencies (H:\\Cotizador-2.0-Enterprise\\backend\\node_modules\\@nestjs\\testing\\testing-module.builder.js:119:9)\n    at TestingModuleBuilder.compile (H:\\Cotizador-2.0-Enterprise\\backend\\node_modules\\@nestjs\\testing\\testing-module.builder.js:74:9)\n    at Object.<anonymous> (H:\\Cotizador-2.0-Enterprise\\backend\\src\\files\\document-viewer\\document-viewer.service.spec.ts:20:35)"],"fullName":"DocumentViewerService should be defined","invocations":1,"location":null,"numPassingAsserts":0,"retryReasons":[],"startAt":1779684036916,"status":"failed","title":"should be defined"},{"ancestorTitles":["DocumentViewerService","generateSignedUrl"],"duration":2,"failing":false,"failureDetails":[{"type":"DocumentViewerService","context":{"index":3,"dependencies":[null,null,null,null,null]},"metadata":{"id":"7d1108eab022d6c29e741"},"moduleRef":{"id":"a52b5fd0aa7d1108eab02"}}],"failureMessages":["Error: Nest can't resolve dependencies of the DocumentViewerService (ClientFileRepository, QuoteFileRepository, ContractFileRepository, ?, FinancialFileRepository). Please make sure that the argument AgreementFileRepository at index [3] is available in the RootTestModule module.\n\nPotential solutions:\n- Is RootTestModule a valid NestJS module?\n- If AgreementFileRepository is a provider, is it part of the current RootTestModule?\n- If AgreementFileRepository is exported from a separate @Module, is that module imported within RootTestModule?\n  @Module({\n    imports: [ /* the Module containing AgreementFileRepository */ ]\n  })\n\nFor more common dependency resolution issues, see: https://docs.nestjs.com/faq/common-errors\n    at TestingInjector.lookupComponentInParentModules (H:\\Cotizador-2.0-Enterprise\\backend\\node_modules\\@nestjs\\core\\injector\\injector.js:300:19)\n    at processTicksAndRejections (node:internal/process/task_queues:103:5)\n    at TestingInjector.resolveComponentWrapper (H:\\Cotizador-2.0-Enterprise\\backend\\node_modules\\@nestjs\\testing\\testing-injector.js:19:45)\n    at resolveParam (H:\\Cotizador-2.0-Enterprise\\backend\\node_modules\\@nestjs\\core\\injector\\injector.js:150:38)\n    at async Promise.all (index 3)\n    at TestingInjector.resolveConstructorParams (H:\\Cotizador-2.0-Enterprise\\backend\\node_modules\\@nestjs\\core\\injector\\injector.js:179:27)\n    at TestingInjector.loadInstance (H:\\Cotizador-2.0-Enterprise\\backend\\node_modules\\@nestjs\\core\\injector\\injector.js:77:13)\n    at TestingInjector.loadProvider (H:\\Cotizador-2.0-Enterprise\\backend\\node_modules\\@nestjs\\core\\injector\\injector.js:111:9)\n    at H:\\Cotizador-2.0-Enterprise\\backend\\node_modules\\@nestjs\\core\\injector\\instance-loader.js:56:13\n    at async Promise.all (index 3)\n    at TestingInstanceLoader.createInstancesOfProviders (H:\\Cotizador-2.0-Enterprise\\backend\\node_modules\\@nestjs\\core\\injector\\instance-loader.js:55:9)\n    at H:\\Cotizador-2.0-Enterprise\\backend\\node_modules\\@nestjs\\core\\injector\\instance-loader.js:40:13\n    at async Promise.all (index 1)\n    at TestingInstanceLoader.createInstances (H:\\Cotizador-2.0-Enterprise\\backend\\node_modules\\@nestjs\\core\\injector\\instance-loader.js:39:9)\n    at TestingInstanceLoader.createInstancesOfDependencies (H:\\Cotizador-2.0-Enterprise\\backend\\node_modules\\@nestjs\\core\\injector\\instance-loader.js:22:13)\n    at TestingInstanceLoader.createInstancesOfDependencies (H:\\Cotizador-2.0-Enterprise\\backend\\node_modules\\@nestjs\\testing\\testing-instance-loader.js:9:9)\n    at TestingModuleBuilder.createInstancesOfDependencies (H:\\Cotizador-2.0-Enterprise\\backend\\node_modules\\@nestjs\\testing\\testing-module.builder.js:119:9)\n    at TestingModuleBuilder.compile (H:\\Cotizador-2.0-Enterprise\\backend\\node_modules\\@nestjs\\testing\\testing-module.builder.js:74:9)\n    at Object.<anonymous> (H:\\Cotizador-2.0-Enterprise\\backend\\src\\files\\document-viewer\\document-viewer.service.spec.ts:20:35)"],"fullName":"DocumentViewerService generateSignedUrl should generate a valid signed URL","invocations":1,"location":null,"numPassingAsserts":0,"retryReasons":[],"startAt":1779684036937,"status":"failed","title":"should generate a valid signed URL"},{"ancestorTitles":["DocumentViewerService","viewDocument"],"duration":2,"failing":false,"failureDetails":[{"type":"DocumentViewerService","context":{"index":3,"dependencies":[null,null,null,null,null]},"metadata":{"id":"eaf86546bce1d16dc4e0d"},"moduleRef":{"id":"29e741f9c2eaf86546bce"}}],"failureMessages":["Error: Nest can't resolve dependencies of the DocumentViewerService (ClientFileRepository, QuoteFileRepository, ContractFileRepository, ?, FinancialFileRepository). Please make sure that the argument AgreementFileRepository at index [3] is available in the RootTestModule module.\n\nPotential solutions:\n- Is RootTestModule a valid NestJS module?\n- If AgreementFileRepository is a provider, is it part of the current RootTestModule?\n- If AgreementFileRepository is exported from a separate @Module, is that module imported within RootTestModule?\n  @Module({\n    imports: [ /* the Module containing AgreementFileRepository */ ]\n  })\n\nFor more common dependency resolution issues, see: https://docs.nestjs.com/faq/common-errors\n    at TestingInjector.lookupComponentInParentModules (H:\\Cotizador-2.0-Enterprise\\backend\\node_modules\\@nestjs\\core\\injector\\injector.js:300:19)\n    at processTicksAndRejections (node:internal/process/task_queues:103:5)\n    at TestingInjector.resolveComponentWrapper (H:\\Cotizador-2.0-Enterprise\\backend\\node_modules\\@nestjs\\testing\\testing-injector.js:19:45)\n    at resolveParam (H:\\Cotizador-2.0-Enterprise\\backend\\node_modules\\@nestjs\\core\\injector\\injector.js:150:38)\n    at async Promise.all (index 3)\n    at TestingInjector.resolveConstructorParams (H:\\Cotizador-2.0-Enterprise\\backend\\node_modules\\@nestjs\\core\\injector\\injector.js:179:27)\n    at TestingInjector.loadInstance (H:\\Cotizador-2.0-Enterprise\\backend\\node_modules\\@nestjs\\core\\injector\\injector.js:77:13)\n    at TestingInjector.loadProvider (H:\\Cotizador-2.0-Enterprise\\backend\\node_modules\\@nestjs\\core\\injector\\injector.js:111:9)\n    at H:\\Cotizador-2.0-Enterprise\\backend\\node_modules\\@nestjs\\core\\injector\\instance-loader.js:56:13\n    at async Promise.all (index 3)\n    at TestingInstanceLoader.createInstancesOfProviders (H:\\Cotizador-2.0-Enterprise\\backend\\node_modules\\@nestjs\\core\\injector\\instance-loader.js:55:9)\n    at H:\\Cotizador-2.0-Enterprise\\backend\\node_modules\\@nestjs\\core\\injector\\instance-loader.js:40:13\n    at async Promise.all (index 1)\n    at TestingInstanceLoader.createInstances (H:\\Cotizador-2.0-Enterprise\\backend\\node_modules\\@nestjs\\core\\injector\\instance-loader.js:39:9)\n    at TestingInstanceLoader.createInstancesOfDependencies (H:\\Cotizador-2.0-Enterprise\\backend\\node_modules\\@nestjs\\core\\injector\\instance-loader.js:22:13)\n    at TestingInstanceLoader.createInstancesOfDependencies (H:\\Cotizador-2.0-Enterprise\\backend\\node_modules\\@nestjs\\testing\\testing-instance-loader.js:9:9)\n    at TestingModuleBuilder.createInstancesOfDependencies (H:\\Cotizador-2.0-Enterprise\\backend\\node_modules\\@nestjs\\testing\\testing-module.builder.js:119:9)\n    at TestingModuleBuilder.compile (H:\\Cotizador-2.0-Enterprise\\backend\\node_modules\\@nestjs\\testing\\testing-module.builder.js:74:9)\n    at Object.<anonymous> (H:\\Cotizador-2.0-Enterprise\\backend\\src\\files\\document-viewer\\document-viewer.service.spec.ts:20:35)"],"fullName":"DocumentViewerService viewDocument should throw UnauthorizedException if URL expired","invocations":1,"location":null,"numPassingAsserts":0,"retryReasons":[],"startAt":1779684036940,"status":"failed","title":"should throw UnauthorizedException if URL expired"},{"ancestorTitles":["DocumentViewerService","viewDocument"],"duration":2,"failing":false,"failureDetails":[{"type":"DocumentViewerService","context":{"index":3,"dependencies":[null,null,null,null,null]},"metadata":{"id":"c37480a0c97003aa1f365"},"moduleRef":{"id":"dc4e0d08a7c37480a0c97"}}],"failureMessages":["Error: Nest can't resolve dependencies of the DocumentViewerService (ClientFileRepository, QuoteFileRepository, ContractFileRepository, ?, FinancialFileRepository). Please make sure that the argument AgreementFileRepository at index [3] is available in the RootTestModule module.\n\nPotential solutions:\n- Is RootTestModule a valid NestJS module?\n- If AgreementFileRepository is a provider, is it part of the current RootTestModule?\n- If AgreementFileRepository is exported from a separate @Module, is that module imported within RootTestModule?\n  @Module({\n    imports: [ /* the Module containing AgreementFileRepository */ ]\n  })\n\nFor more common dependency resolution issues, see: https://docs.nestjs.com/faq/common-errors\n    at TestingInjector.lookupComponentInParentModules (H:\\Cotizador-2.0-Enterprise\\backend\\node_modules\\@nestjs\\core\\injector\\injector.js:300:19)\n    at processTicksAndRejections (node:internal/process/task_queues:103:5)\n    at TestingInjector.resolveComponentWrapper (H:\\Cotizador-2.0-Enterprise\\backend\\node_modules\\@nestjs\\testing\\testing-injector.js:19:45)\n    at resolveParam (H:\\Cotizador-2.0-Enterprise\\backend\\node_modules\\@nestjs\\core\\injector\\injector.js:150:38)\n    at async Promise.all (index 3)\n    at TestingInjector.resolveConstructorParams (H:\\Cotizador-2.0-Enterprise\\backend\\node_modules\\@nestjs\\core\\injector\\injector.js:179:27)\n    at TestingInjector.loadInstance (H:\\Cotizador-2.0-Enterprise\\backend\\node_modules\\@nestjs\\core\\injector\\injector.js:77:13)\n    at TestingInjector.loadProvider (H:\\Cotizador-2.0-Enterprise\\backend\\node_modules\\@nestjs\\core\\injector\\injector.js:111:9)\n    at H:\\Cotizador-2.0-Enterprise\\backend\\node_modules\\@nestjs\\core\\injector\\instance-loader.js:56:13\n    at async Promise.all (index 3)\n    at TestingInstanceLoader.createInstancesOfProviders (H:\\Cotizador-2.0-Enterprise\\backend\\node_modules\\@nestjs\\core\\injector\\instance-loader.js:55:9)\n    at H:\\Cotizador-2.0-Enterprise\\backend\\node_modules\\@nestjs\\core\\injector\\instance-loader.js:40:13\n    at async Promise.all (index 1)\n    at TestingInstanceLoader.createInstances (H:\\Cotizador-2.0-Enterprise\\backend\\node_modules\\@nestjs\\core\\injector\\instance-loader.js:39:9)\n    at TestingInstanceLoader.createInstancesOfDependencies (H:\\Cotizador-2.0-Enterprise\\backend\\node_modules\\@nestjs\\core\\injector\\instance-loader.js:22:13)\n    at TestingInstanceLoader.createInstancesOfDependencies (H:\\Cotizador-2.0-Enterprise\\backend\\node_modules\\@nestjs\\testing\\testing-instance-loader.js:9:9)\n    at TestingModuleBuilder.createInstancesOfDependencies (H:\\Cotizador-2.0-Enterprise\\backend\\node_modules\\@nestjs\\testing\\testing-module.builder.js:119:9)\n    at TestingModuleBuilder.compile (H:\\Cotizador-2.0-Enterprise\\backend\\node_modules\\@nestjs\\testing\\testing-module.builder.js:74:9)\n    at Object.<anonymous> (H:\\Cotizador-2.0-Enterprise\\backend\\src\\files\\document-viewer\\document-viewer.service.spec.ts:20:35)"],"fullName":"DocumentViewerService viewDocument should throw ForbiddenException on invalid signature","invocations":1,"location":null,"numPassingAsserts":0,"retryReasons":[],"startAt":1779684036942,"status":"failed","title":"should throw ForbiddenException on invalid signature"},{"ancestorTitles":["DocumentViewerService","viewDocument"],"duration":2,"failing":false,"failureDetails":[{"type":"DocumentViewerService","context":{"index":3,"dependencies":[null,null,null,null,null]},"metadata":{"id":"5d9566dcddd654d0154ee"},"moduleRef":{"id":"a1f365760f5d9566dcddd"}}],"failureMessages":["Error: Nest can't resolve dependencies of the DocumentViewerService (ClientFileRepository, QuoteFileRepository, ContractFileRepository, ?, FinancialFileRepository). Please make sure that the argument AgreementFileRepository at index [3] is available in the RootTestModule module.\n\nPotential solutions:\n- Is RootTestModule a valid NestJS module?\n- If AgreementFileRepository is a provider, is it part of the current RootTestModule?\n- If AgreementFileRepository is exported from a separate @Module, is that module imported within RootTestModule?\n  @Module({\n    imports: [ /* the Module containing AgreementFileRepository */ ]\n  })\n\nFor more common dependency resolution issues, see: https://docs.nestjs.com/faq/common-errors\n    at TestingInjector.lookupComponentInParentModules (H:\\Cotizador-2.0-Enterprise\\backend\\node_modules\\@nestjs\\core\\injector\\injector.js:300:19)\n    at processTicksAndRejections (node:internal/process/task_queues:103:5)\n    at TestingInjector.resolveComponentWrapper (H:\\Cotizador-2.0-Enterprise\\backend\\node_modules\\@nestjs\\testing\\testing-injector.js:19:45)\n    at resolveParam (H:\\Cotizador-2.0-Enterprise\\backend\\node_modules\\@nestjs\\core\\injector\\injector.js:150:38)\n    at async Promise.all (index 3)\n    at TestingInjector.resolveConstructorParams (H:\\Cotizador-2.0-Enterprise\\backend\\node_modules\\@nestjs\\core\\injector\\injector.js:179:27)\n    at TestingInjector.loadInstance (H:\\Cotizador-2.0-Enterprise\\backend\\node_modules\\@nestjs\\core\\injector\\injector.js:77:13)\n    at TestingInjector.loadProvider (H:\\Cotizador-2.0-Enterprise\\backend\\node_modules\\@nestjs\\core\\injector\\injector.js:111:9)\n    at H:\\Cotizador-2.0-Enterprise\\backend\\node_modules\\@nestjs\\core\\injector\\instance-loader.js:56:13\n    at async Promise.all (index 3)\n    at TestingInstanceLoader.createInstancesOfProviders (H:\\Cotizador-2.0-Enterprise\\backend\\node_modules\\@nestjs\\core\\injector\\instance-loader.js:55:9)\n    at H:\\Cotizador-2.0-Enterprise\\backend\\node_modules\\@nestjs\\core\\injector\\instance-loader.js:40:13\n    at async Promise.all (index 1)\n    at TestingInstanceLoader.createInstances (H:\\Cotizador-2.0-Enterprise\\backend\\node_modules\\@nestjs\\core\\injector\\instance-loader.js:39:9)\n    at TestingInstanceLoader.createInstancesOfDependencies (H:\\Cotizador-2.0-Enterprise\\backend\\node_modules\\@nestjs\\core\\injector\\instance-loader.js:22:13)\n    at TestingInstanceLoader.createInstancesOfDependencies (H:\\Cotizador-2.0-Enterprise\\backend\\node_modules\\@nestjs\\testing\\testing-instance-loader.js:9:9)\n    at TestingModuleBuilder.createInstancesOfDependencies (H:\\Cotizador-2.0-Enterprise\\backend\\node_modules\\@nestjs\\testing\\testing-module.builder.js:119:9)\n    at TestingModuleBuilder.compile (H:\\Cotizador-2.0-Enterprise\\backend\\node_modules\\@nestjs\\testing\\testing-module.builder.js:74:9)\n    at Object.<anonymous> (H:\\Cotizador-2.0-Enterprise\\backend\\src\\files\\document-viewer\\document-viewer.service.spec.ts:20:35)"],"fullName":"DocumentViewerService viewDocument should return URL for valid client document","invocations":1,"location":null,"numPassingAsserts":0,"retryReasons":[],"startAt":1779684036944,"status":"failed","title":"should return URL for valid client document"},{"ancestorTitles":["DocumentViewerService","viewDocument"],"duration":2,"failing":false,"failureDetails":[{"type":"DocumentViewerService","context":{"index":3,"dependencies":[null,null,null,null,null]},"metadata":{"id":"27dbd89144785b642c005"},"moduleRef":{"id":"0154ee97ba27dbd891447"}}],"failureMessages":["Error: Nest can't resolve dependencies of the DocumentViewerService (ClientFileRepository, QuoteFileRepository, ContractFileRepository, ?, FinancialFileRepository). Please make sure that the argument AgreementFileRepository at index [3] is available in the RootTestModule module.\n\nPotential solutions:\n- Is RootTestModule a valid NestJS module?\n- If AgreementFileRepository is a provider, is it part of the current RootTestModule?\n- If AgreementFileRepository is exported from a separate @Module, is that module imported within RootTestModule?\n  @Module({\n    imports: [ /* the Module containing AgreementFileRepository */ ]\n  })\n\nFor more common dependency resolution issues, see: https://docs.nestjs.com/faq/common-errors\n    at TestingInjector.lookupComponentInParentModules (H:\\Cotizador-2.0-Enterprise\\backend\\node_modules\\@nestjs\\core\\injector\\injector.js:300:19)\n    at processTicksAndRejections (node:internal/process/task_queues:103:5)\n    at TestingInjector.resolveComponentWrapper (H:\\Cotizador-2.0-Enterprise\\backend\\node_modules\\@nestjs\\testing\\testing-injector.js:19:45)\n    at resolveParam (H:\\Cotizador-2.0-Enterprise\\backend\\node_modules\\@nestjs\\core\\injector\\injector.js:150:38)\n    at async Promise.all (index 3)\n    at TestingInjector.resolveConstructorParams (H:\\Cotizador-2.0-Enterprise\\backend\\node_modules\\@nestjs\\core\\injector\\injector.js:179:27)\n    at TestingInjector.loadInstance (H:\\Cotizador-2.0-Enterprise\\backend\\node_modules\\@nestjs\\core\\injector\\injector.js:77:13)\n    at TestingInjector.loadProvider (H:\\Cotizador-2.0-Enterprise\\backend\\node_modules\\@nestjs\\core\\injector\\injector.js:111:9)\n    at H:\\Cotizador-2.0-Enterprise\\backend\\node_modules\\@nestjs\\core\\injector\\instance-loader.js:56:13\n    at async Promise.all (index 3)\n    at TestingInstanceLoader.createInstancesOfProviders (H:\\Cotizador-2.0-Enterprise\\backend\\node_modules\\@nestjs\\core\\injector\\instance-loader.js:55:9)\n    at H:\\Cotizador-2.0-Enterprise\\backend\\node_modules\\@nestjs\\core\\injector\\instance-loader.js:40:13\n    at async Promise.all (index 1)\n    at TestingInstanceLoader.createInstances (H:\\Cotizador-2.0-Enterprise\\backend\\node_modules\\@nestjs\\core\\injector\\instance-loader.js:39:9)\n    at TestingInstanceLoader.createInstancesOfDependencies (H:\\Cotizador-2.0-Enterprise\\backend\\node_modules\\@nestjs\\core\\injector\\instance-loader.js:22:13)\n    at TestingInstanceLoader.createInstancesOfDependencies (H:\\Cotizador-2.0-Enterprise\\backend\\node_modules\\@nestjs\\testing\\testing-instance-loader.js:9:9)\n    at TestingModuleBuilder.createInstancesOfDependencies (H:\\Cotizador-2.0-Enterprise\\backend\\node_modules\\@nestjs\\testing\\testing-module.builder.js:119:9)\n    at TestingModuleBuilder.compile (H:\\Cotizador-2.0-Enterprise\\backend\\node_modules\\@nestjs\\testing\\testing-module.builder.js:74:9)\n    at Object.<anonymous> (H:\\Cotizador-2.0-Enterprise\\backend\\src\\files\\document-viewer\\document-viewer.service.spec.ts:20:35)"],"fullName":"DocumentViewerService viewDocument should throw NotFoundException if document not found","invocations":1,"location":null,"numPassingAsserts":0,"retryReasons":[],"startAt":1779684036946,"status":"failed","title":"should throw NotFoundException if document not found"}],"endTime":1779684036974,"message":"  ● DocumentViewerService › should be defined\n\n    Nest can't resolve dependencies of the DocumentViewerService (ClientFileRepository, QuoteFileRepository, ContractFileRepository, ?, FinancialFileRepository). Please make sure that the argument AgreementFileRepository at index [3] is available in the RootTestModule module.\n\n    Potential solutions:\n    - Is RootTestModule a valid NestJS module?\n    - If AgreementFileRepository is a provider, is it part of the current RootTestModule?\n    - If AgreementFileRepository is exported from a separate @Module, is that module imported within RootTestModule?\n      @Module({\n        imports: [ /* the Module containing AgreementFileRepository */ ]\n      })\n\n    For more common dependency resolution issues, see: https://docs.nestjs.com/faq/common-errors\n\n    \u001b[0m \u001b[90m 18 |\u001b[39m     process\u001b[33m.\u001b[39menv\u001b[33m.\u001b[39m\u001b[33mDOCUMENT_SIGNING_SECRET\u001b[39m \u001b[33m=\u001b[39m \u001b[32m'super-secret-document-key'\u001b[39m\u001b[33m;\u001b[39m\n     \u001b[90m 19 |\u001b[39m\n    \u001b[31m\u001b[1m>\u001b[22m\u001b[39m\u001b[90m 20 |\u001b[39m     \u001b[36mconst\u001b[39m module\u001b[33m:\u001b[39m \u001b[33mTestingModule\u001b[39m \u001b[33m=\u001b[39m \u001b[36mawait\u001b[39m \u001b[33mTest\u001b[39m\u001b[33m.\u001b[39mcreateTestingModule({\n     \u001b[90m    |\u001b[39m                                   \u001b[31m\u001b[1m^\u001b[22m\u001b[39m\n     \u001b[90m 21 |\u001b[39m       providers\u001b[33m:\u001b[39m [\n     \u001b[90m 22 |\u001b[39m         \u001b[33mDocumentViewerService\u001b[39m\u001b[33m,\u001b[39m\n     \u001b[90m 23 |\u001b[39m         {\u001b[0m\n\n      at TestingInjector.lookupComponentInParentModules (../node_modules/@nestjs/core/injector/injector.js:300:19)\n      at TestingInjector.resolveComponentWrapper (../node_modules/@nestjs/testing/testing-injector.js:19:45)\n      at resolveParam (../node_modules/@nestjs/core/injector/injector.js:150:38)\n          at async Promise.all (index 3)\n      at TestingInjector.resolveConstructorParams (../node_modules/@nestjs/core/injector/injector.js:179:27)\n      at TestingInjector.loadInstance (../node_modules/@nestjs/core/injector/injector.js:77:13)\n      at TestingInjector.loadProvider (../node_modules/@nestjs/core/injector/injector.js:111:9)\n      at ../node_modules/@nestjs/core/injector/instance-loader.js:56:13\n          at async Promise.all (index 3)\n      at TestingInstanceLoader.createInstancesOfProviders (../node_modules/@nestjs/core/injector/instance-loader.js:55:9)\n      at ../node_modules/@nestjs/core/injector/instance-loader.js:40:13\n          at async Promise.all (index 1)\n      at TestingInstanceLoader.createInstances (../node_modules/@nestjs/core/injector/instance-loader.js:39:9)\n      at TestingInstanceLoader.createInstancesOfDependencies (../node_modules/@nestjs/core/injector/instance-loader.js:22:13)\n      at TestingInstanceLoader.createInstancesOfDependencies (../node_modules/@nestjs/testing/testing-instance-loader.js:9:9)\n      at TestingModuleBuilder.createInstancesOfDependencies (../node_modules/@nestjs/testing/testing-module.builder.js:119:9)\n      at TestingModuleBuilder.compile (../node_modules/@nestjs/testing/testing-module.builder.js:74:9)\n      at Object.<anonymous> (files/document-viewer/document-viewer.service.spec.ts:20:35)\n\n  ● DocumentViewerService › generateSignedUrl › should generate a valid signed URL\n\n    Nest can't resolve dependencies of the DocumentViewerService (ClientFileRepository, QuoteFileRepository, ContractFileRepository, ?, FinancialFileRepository). Please make sure that the argument AgreementFileRepository at index [3] is available in the RootTestModule module.\n\n    Potential solutions:\n    - Is RootTestModule a valid NestJS module?\n    - If AgreementFileRepository is a provider, is it part of the current RootTestModule?\n    - If AgreementFileRepository is exported from a separate @Module, is that module imported within RootTestModule?\n      @Module({\n        imports: [ /* the Module containing AgreementFileRepository */ ]\n      })\n\n    For more common dependency resolution issues, see: https://docs.nestjs.com/faq/common-errors\n\n    \u001b[0m \u001b[90m 18 |\u001b[39m     process\u001b[33m.\u001b[39menv\u001b[33m.\u001b[39m\u001b[33mDOCUMENT_SIGNING_SECRET\u001b[39m \u001b[33m=\u001b[39m \u001b[32m'super-secret-document-key'\u001b[39m\u001b[33m;\u001b[39m\n     \u001b[90m 19 |\u001b[39m\n    \u001b[31m\u001b[1m>\u001b[22m\u001b[39m\u001b[90m 20 |\u001b[39m     \u001b[36mconst\u001b[39m module\u001b[33m:\u001b[39m \u001b[33mTestingModule\u001b[39m \u001b[33m=\u001b[39m \u001b[36mawait\u001b[39m \u001b[33mTest\u001b[39m\u001b[33m.\u001b[39mcreateTestingModule({\n     \u001b[90m    |\u001b[39m                                   \u001b[31m\u001b[1m^\u001b[22m\u001b[39m\n     \u001b[90m 21 |\u001b[39m       providers\u001b[33m:\u001b[39m [\n     \u001b[90m 22 |\u001b[39m         \u001b[33mDocumentViewerService\u001b[39m\u001b[33m,\u001b[39m\n     \u001b[90m 23 |\u001b[39m         {\u001b[0m\n\n      at TestingInjector.lookupComponentInParentModules (../node_modules/@nestjs/core/injector/injector.js:300:19)\n      at TestingInjector.resolveComponentWrapper (../node_modules/@nestjs/testing/testing-injector.js:19:45)\n      at resolveParam (../node_modules/@nestjs/core/injector/injector.js:150:38)\n          at async Promise.all (index 3)\n      at TestingInjector.resolveConstructorParams (../node_modules/@nestjs/core/injector/injector.js:179:27)\n      at TestingInjector.loadInstance (../node_modules/@nestjs/core/injector/injector.js:77:13)\n      at TestingInjector.loadProvider (../node_modules/@nestjs/core/injector/injector.js:111:9)\n      at ../node_modules/@nestjs/core/injector/instance-loader.js:56:13\n          at async Promise.all (index 3)\n      at TestingInstanceLoader.createInstancesOfProviders (../node_modules/@nestjs/core/injector/instance-loader.js:55:9)\n      at ../node_modules/@nestjs/core/injector/instance-loader.js:40:13\n          at async Promise.all (index 1)\n      at TestingInstanceLoader.createInstances (../node_modules/@nestjs/core/injector/instance-loader.js:39:9)\n      at TestingInstanceLoader.createInstancesOfDependencies (../node_modules/@nestjs/core/injector/instance-loader.js:22:13)\n      at TestingInstanceLoader.createInstancesOfDependencies (../node_modules/@nestjs/testing/testing-instance-loader.js:9:9)\n      at TestingModuleBuilder.createInstancesOfDependencies (../node_modules/@nestjs/testing/testing-module.builder.js:119:9)\n      at TestingModuleBuilder.compile (../node_modules/@nestjs/testing/testing-module.builder.js:74:9)\n      at Object.<anonymous> (files/document-viewer/document-viewer.service.spec.ts:20:35)\n\n  ● DocumentViewerService › viewDocument › should throw UnauthorizedException if URL expired\n\n    Nest can't resolve dependencies of the DocumentViewerService (ClientFileRepository, QuoteFileRepository, ContractFileRepository, ?, FinancialFileRepository). Please make sure that the argument AgreementFileRepository at index [3] is available in the RootTestModule module.\n\n    Potential solutions:\n    - Is RootTestModule a valid NestJS module?\n    - If AgreementFileRepository is a provider, is it part of the current RootTestModule?\n    - If AgreementFileRepository is exported from a separate @Module, is that module imported within RootTestModule?\n      @Module({\n        imports: [ /* the Module containing AgreementFileRepository */ ]\n      })\n\n    For more common dependency resolution issues, see: https://docs.nestjs.com/faq/common-errors\n\n    \u001b[0m \u001b[90m 18 |\u001b[39m     process\u001b[33m.\u001b[39menv\u001b[33m.\u001b[39m\u001b[33mDOCUMENT_SIGNING_SECRET\u001b[39m \u001b[33m=\u001b[39m \u001b[32m'super-secret-document-key'\u001b[39m\u001b[33m;\u001b[39m\n     \u001b[90m 19 |\u001b[39m\n    \u001b[31m\u001b[1m>\u001b[22m\u001b[39m\u001b[90m 20 |\u001b[39m     \u001b[36mconst\u001b[39m module\u001b[33m:\u001b[39m \u001b[33mTestingModule\u001b[39m \u001b[33m=\u001b[39m \u001b[36mawait\u001b[39m \u001b[33mTest\u001b[39m\u001b[33m.\u001b[39mcreateTestingModule({\n     \u001b[90m    |\u001b[39m                                   \u001b[31m\u001b[1m^\u001b[22m\u001b[39m\n     \u001b[90m 21 |\u001b[39m       providers\u001b[33m:\u001b[39m [\n     \u001b[90m 22 |\u001b[39m         \u001b[33mDocumentViewerService\u001b[39m\u001b[33m,\u001b[39m\n     \u001b[90m 23 |\u001b[39m         {\u001b[0m\n\n      at TestingInjector.lookupComponentInParentModules (../node_modules/@nestjs/core/injector/injector.js:300:19)\n      at TestingInjector.resolveComponentWrapper (../node_modules/@nestjs/testing/testing-injector.js:19:45)\n      at resolveParam (../node_modules/@nestjs/core/injector/injector.js:150:38)\n          at async Promise.all (index 3)\n      at TestingInjector.resolveConstructorParams (../node_modules/@nestjs/core/injector/injector.js:179:27)\n      at TestingInjector.loadInstance (../node_modules/@nestjs/core/injector/injector.js:77:13)\n      at TestingInjector.loadProvider (../node_modules/@nestjs/core/injector/injector.js:111:9)\n      at ../node_modules/@nestjs/core/injector/instance-loader.js:56:13\n          at async Promise.all (index 3)\n      at TestingInstanceLoader.createInstancesOfProviders (../node_modules/@nestjs/core/injector/instance-loader.js:55:9)\n      at ../node_modules/@nestjs/core/injector/instance-loader.js:40:13\n          at async Promise.all (index 1)\n      at TestingInstanceLoader.createInstances (../node_modules/@nestjs/core/injector/instance-loader.js:39:9)\n      at TestingInstanceLoader.createInstancesOfDependencies (../node_modules/@nestjs/core/injector/instance-loader.js:22:13)\n      at TestingInstanceLoader.createInstancesOfDependencies (../node_modules/@nestjs/testing/testing-instance-loader.js:9:9)\n      at TestingModuleBuilder.createInstancesOfDependencies (../node_modules/@nestjs/testing/testing-module.builder.js:119:9)\n      at TestingModuleBuilder.compile (../node_modules/@nestjs/testing/testing-module.builder.js:74:9)\n      at Object.<anonymous> (files/document-viewer/document-viewer.service.spec.ts:20:35)\n\n  ● DocumentViewerService › viewDocument › should throw ForbiddenException on invalid signature\n\n    Nest can't resolve dependencies of the DocumentViewerService (ClientFileRepository, QuoteFileRepository, ContractFileRepository, ?, FinancialFileRepository). Please make sure that the argument AgreementFileRepository at index [3] is available in the RootTestModule module.\n\n    Potential solutions:\n    - Is RootTestModule a valid NestJS module?\n    - If AgreementFileRepository is a provider, is it part of the current RootTestModule?\n    - If AgreementFileRepository is exported from a separate @Module, is that module imported within RootTestModule?\n      @Module({\n        imports: [ /* the Module containing AgreementFileRepository */ ]\n      })\n\n    For more common dependency resolution issues, see: https://docs.nestjs.com/faq/common-errors\n\n    \u001b[0m \u001b[90m 18 |\u001b[39m     process\u001b[33m.\u001b[39menv\u001b[33m.\u001b[39m\u001b[33mDOCUMENT_SIGNING_SECRET\u001b[39m \u001b[33m=\u001b[39m \u001b[32m'super-secret-document-key'\u001b[39m\u001b[33m;\u001b[39m\n     \u001b[90m 19 |\u001b[39m\n    \u001b[31m\u001b[1m>\u001b[22m\u001b[39m\u001b[90m 20 |\u001b[39m     \u001b[36mconst\u001b[39m module\u001b[33m:\u001b[39m \u001b[33mTestingModule\u001b[39m \u001b[33m=\u001b[39m \u001b[36mawait\u001b[39m \u001b[33mTest\u001b[39m\u001b[33m.\u001b[39mcreateTestingModule({\n     \u001b[90m    |\u001b[39m                                   \u001b[31m\u001b[1m^\u001b[22m\u001b[39m\n     \u001b[90m 21 |\u001b[39m       providers\u001b[33m:\u001b[39m [\n     \u001b[90m 22 |\u001b[39m         \u001b[33mDocumentViewerService\u001b[39m\u001b[33m,\u001b[39m\n     \u001b[90m 23 |\u001b[39m         {\u001b[0m\n\n      at TestingInjector.lookupComponentInParentModules (../node_modules/@nestjs/core/injector/injector.js:300:19)\n      at TestingInjector.resolveComponentWrapper (../node_modules/@nestjs/testing/testing-injector.js:19:45)\n      at resolveParam (../node_modules/@nestjs/core/injector/injector.js:150:38)\n          at async Promise.all (index 3)\n      at TestingInjector.resolveConstructorParams (../node_modules/@nestjs/core/injector/injector.js:179:27)\n      at TestingInjector.loadInstance (../node_modules/@nestjs/core/injector/injector.js:77:13)\n      at TestingInjector.loadProvider (../node_modules/@nestjs/core/injector/injector.js:111:9)\n      at ../node_modules/@nestjs/core/injector/instance-loader.js:56:13\n          at async Promise.all (index 3)\n      at TestingInstanceLoader.createInstancesOfProviders (../node_modules/@nestjs/core/injector/instance-loader.js:55:9)\n      at ../node_modules/@nestjs/core/injector/instance-loader.js:40:13\n          at async Promise.all (index 1)\n      at TestingInstanceLoader.createInstances (../node_modules/@nestjs/core/injector/instance-loader.js:39:9)\n      at TestingInstanceLoader.createInstancesOfDependencies (../node_modules/@nestjs/core/injector/instance-loader.js:22:13)\n      at TestingInstanceLoader.createInstancesOfDependencies (../node_modules/@nestjs/testing/testing-instance-loader.js:9:9)\n      at TestingModuleBuilder.createInstancesOfDependencies (../node_modules/@nestjs/testing/testing-module.bui
[...]
2.0-Enterprise\\backend\\src\\agenda\\agenda.controller.spec.ts","startTime":1779684037060,"status":"passed","summary":""},{"assertionResults":[{"ancestorTitles":["SnapshotsService"],"duration":4,"failing":false,"failureDetails":[],"failureMessages":[],"fullName":"SnapshotsService should be defined","invocations":1,"location":null,"numPassingAsserts":1,"retryReasons":[],"startAt":1779684037780,"status":"passed","title":"should be defined"},{"ancestorTitles":["SnapshotsService","createSnapshot"],"duration":9,"failing":false,"failureDetails":[],"failureMessages":[],"fullName":"SnapshotsService createSnapshot should throw BadRequestException if tenant context is missing","invocations":1,"location":null,"numPassingAsserts":1,"retryReasons":[],"startAt":1779684037784,"status":"passed","title":"should throw BadRequestException if tenant context is missing"},{"ancestorTitles":["SnapshotsService","createSnapshot"],"duration":3,"failing":false,"failureDetails":[],"failureMessages":[],"fullName":"SnapshotsService createSnapshot should create a snapshot with version 1 if no previous snapshot exists","invocations":1,"location":null,"numPassingAsserts":4,"retryReasons":[],"startAt":1779684037793,"status":"passed","title":"should create a snapshot with version 1 if no previous snapshot exists"},{"ancestorTitles":["SnapshotsService","createSnapshot"],"duration":2,"failing":false,"failureDetails":[],"failureMessages":[],"fullName":"SnapshotsService createSnapshot should increment version if a previous snapshot exists","invocations":1,"location":null,"numPassingAsserts":2,"retryReasons":[],"startAt":1779684037796,"status":"passed","title":"should increment version if a previous snapshot exists"}],"endTime":1779684037798,"message":"","name":"H:\\Cotizador-2.0-Enterprise\\backend\\src\\snapshots\\snapshots.service.spec.ts","startTime":1779684037456,"status":"passed","summary":""},{"assertionResults":[{"ancestorTitles":["CatalogController"],"duration":6,"failing":false,"failureDetails":[],"failureMessages":[],"fullName":"CatalogController should be defined","invocations":1,"location":null,"numPassingAsserts":1,"retryReasons":[],"startAt":1779684037792,"status":"passed","title":"should be defined"},{"ancestorTitles":["CatalogController"],"duration":4,"failing":false,"failureDetails":[],"failureMessages":[],"fullName":"CatalogController should create an item","invocations":1,"location":null,"numPassingAsserts":2,"retryReasons":[],"startAt":1779684037798,"status":"passed","title":"should create an item"}],"endTime":1779684037802,"message":"","name":"H:\\Cotizador-2.0-Enterprise\\backend\\src\\catalog\\catalog.controller.spec.ts","startTime":1779684037080,"status":"passed","summary":""},{"assertionResults":[{"ancestorTitles":["RegulationsService"],"duration":10,"failing":false,"failureDetails":[],"failureMessages":[],"fullName":"RegulationsService createRegulation should throw if tenant context is missing","invocations":1,"location":null,"numPassingAsserts":1,"retryReasons":[],"startAt":1779684037786,"status":"passed","title":"createRegulation should throw if tenant context is missing"},{"ancestorTitles":["RegulationsService"],"duration":4,"failing":false,"failureDetails":[],"failureMessages":[],"fullName":"RegulationsService createRegulation should create regulation, version and emit event","invocations":1,"location":null,"numPassingAsserts":3,"retryReasons":[],"startAt":1779684037796,"status":"passed","title":"createRegulation should create regulation, version and emit event"},{"ancestorTitles":["RegulationsService"],"duration":2,"failing":false,"failureDetails":[],"failureMessages":[],"fullName":"RegulationsService acceptRegulation should throw if tenant context is missing","invocations":1,"location":null,"numPassingAsserts":1,"retryReasons":[],"startAt":1779684037801,"status":"passed","title":"acceptRegulation should throw if tenant context is missing"},{"ancestorTitles":["RegulationsService"],"duration":3,"failing":false,"failureDetails":[],"failureMessages":[],"fullName":"RegulationsService acceptRegulation should create acceptance record and emit event","invocations":1,"location":null,"numPassingAsserts":3,"retryReasons":[],"startAt":1779684037804,"status":"passed","title":"acceptRegulation should create acceptance record and emit event"}],"endTime":1779684037808,"message":"","name":"H:\\Cotizador-2.0-Enterprise\\backend\\src\\regulations\\regulations.service.spec.ts","startTime":1779684037496,"status":"passed","summary":""},{"assertionResults":[{"ancestorTitles":["ContractFileService"],"duration":3,"failing":false,"failureDetails":[],"failureMessages":[],"fullName":"ContractFileService should be defined","invocations":1,"location":null,"numPassingAsserts":1,"retryReasons":[],"startAt":1779684037803,"status":"passed","title":"should be defined"},{"ancestorTitles":["ContractFileService","createContractFile"],"duration":3,"failing":false,"failureDetails":[],"failureMessages":[],"fullName":"ContractFileService createContractFile should create a contract file and emit an event","invocations":1,"location":null,"numPassingAsserts":3,"retryReasons":[],"startAt":1779684037806,"status":"passed","title":"should create a contract file and emit an event"},{"ancestorTitles":["ContractFileService","getContractFiles"],"duration":2,"failing":false,"failureDetails":[],"failureMessages":[],"fullName":"ContractFileService getContractFiles should return files for a given tenant and contract","invocations":1,"location":null,"numPassingAsserts":2,"retryReasons":[],"startAt":1779684037809,"status":"passed","title":"should return files for a given tenant and contract"}],"endTime":1779684037811,"message":"","name":"H:\\Cotizador-2.0-Enterprise\\backend\\src\\files\\contract-file\\contract-file.service.spec.ts","startTime":1779684037573,"status":"passed","summary":""},{"assertionResults":[{"ancestorTitles":["ReportsService"],"duration":3,"failing":false,"failureDetails":[],"failureMessages":[],"fullName":"ReportsService should be defined","invocations":1,"location":null,"numPassingAsserts":1,"retryReasons":[],"startAt":1779684037807,"status":"passed","title":"should be defined"},{"ancestorTitles":["ReportsService"],"duration":2,"failing":false,"failureDetails":[],"failureMessages":[],"fullName":"ReportsService should return kpis","invocations":1,"location":null,"numPassingAsserts":1,"retryReasons":[],"startAt":1779684037810,"status":"passed","title":"should return kpis"}],"endTime":1779684037812,"message":"","name":"H:\\Cotizador-2.0-Enterprise\\backend\\src\\reports\\reports.service.spec.ts","startTime":1779684037531,"status":"passed","summary":""},{"assertionResults":[{"ancestorTitles":["HealthService"],"duration":4,"failing":false,"failureDetails":[],"failureMessages":[],"fullName":"HealthService should be defined","invocations":1,"location":null,"numPassingAsserts":1,"retryReasons":[],"startAt":1779684037805,"status":"passed","title":"should be defined"},{"ancestorTitles":["HealthService"],"duration":2,"failing":false,"failureDetails":[],"failureMessages":[],"fullName":"HealthService should check health","invocations":1,"location":null,"numPassingAsserts":2,"retryReasons":[],"startAt":1779684037809,"status":"passed","title":"should check health"},{"ancestorTitles":["HealthService"],"duration":1,"failing":false,"failureDetails":[],"failureMessages":[],"fullName":"HealthService should get metrics by tenant","invocations":1,"location":null,"numPassingAsserts":2,"retryReasons":[],"startAt":1779684037811,"status":"passed","title":"should get metrics by tenant"}],"endTime":1779684037814,"message":"","name":"H:\\Cotizador-2.0-Enterprise\\backend\\src\\health\\health.service.spec.ts","startTime":1779684037534,"status":"passed","summary":""},{"assertionResults":[{"ancestorTitles":["CatalogService"],"duration":13,"failing":false,"failureDetails":[],"failureMessages":[],"fullName":"CatalogService should throw if tenant context is missing","invocations":1,"location":null,"numPassingAsserts":1,"retryReasons":[],"startAt":1779684037798,"status":"passed","title":"should throw if tenant context is missing"},{"ancestorTitles":["CatalogService"],"duration":2,"failing":false,"failureDetails":[],"failureMessages":[],"fullName":"CatalogService should create item, price and emit event within a transaction","invocations":1,"location":null,"numPassingAsserts":3,"retryReasons":[],"startAt":1779684037811,"status":"passed","title":"should create item, price and emit event within a transaction"}],"endTime":1779684037814,"message":"","name":"H:\\Cotizador-2.0-Enterprise\\backend\\src\\catalog\\catalog.service.spec.ts","startTime":1779684037548,"status":"passed","summary":""},{"assertionResults":[{"ancestorTitles":["OccupancyService"],"duration":3,"failing":false,"failureDetails":[],"failureMessages":[],"fullName":"OccupancyService should be defined","invocations":1,"location":null,"numPassingAsserts":1,"retryReasons":[],"startAt":1779684037806,"status":"passed","title":"should be defined"},{"ancestorTitles":["OccupancyService"],"duration":6,"failing":false,"failureDetails":[],"failureMessages":[],"fullName":"OccupancyService should throw error if tenant context is missing","invocations":1,"location":null,"numPassingAsserts":1,"retryReasons":[],"startAt":1779684037809,"status":"passed","title":"should throw error if tenant context is missing"},{"ancestorTitles":["OccupancyService","with tenant context"],"duration":2,"failing":false,"failureDetails":[],"failureMessages":[],"fullName":"OccupancyService with tenant context should create occupancy and emit event","invocations":1,"location":null,"numPassingAsserts":3,"retryReasons":[],"startAt":1779684037815,"status":"passed","title":"should create occupancy and emit event"},{"ancestorTitles":["OccupancyService","with tenant context"],"duration":2,"failing":false,"failureDetails":[],"failureMessages":[],"fullName":"OccupancyService with tenant context should throw ConflictException if overlapping","invocations":1,"location":null,"numPassingAsserts":1,"retryReasons":[],"startAt":1779684037817,"status":"passed","title":"should throw ConflictException if overlapping"}],"endTime":1779684037820,"message":"","name":"H:\\Cotizador-2.0-Enterprise\\backend\\src\\spaces\\occupancy.service.spec.ts","startTime":1779684037576,"status":"passed","summary":""},{"assertionResults":[{"ancestorTitles":["ClientsService"],"duration":2,"failing":false,"failureDetails":[],"failureMessages":[],"fullName":"ClientsService should be defined","invocations":1,"location":null,"numPassingAsserts":1,"retryReasons":[],"startAt":1779684037839,"status":"passed","title":"should be defined"},{"ancestorTitles":["ClientsService"],"duration":1,"failing":false,"failureDetails":[],"failureMessages":[],"fullName":"ClientsService should create a client using tenant context","invocations":1,"location":null,"numPassingAsserts":2,"retryReasons":[],"startAt":1779684037841,"status":"passed","title":"should create a client using tenant context"},{"ancestorTitles":["ClientsService"],"duration":5,"failing":false,"failureDetails":[],"failureMessages":[],"fullName":"ClientsService should throw if no tenant context","invocations":1,"location":null,"numPassingAsserts":1,"retryReasons":[],"startAt":1779684037842,"status":"passed","title":"should throw if no tenant context"}],"endTime":1779684037847,"message":"","name":"H:\\Cotizador-2.0-Enterprise\\backend\\src\\clients\\clients.service.spec.ts","startTime":1779684037601,"status":"passed","summary":""},{"assertionResults":[{"ancestorTitles":["QuoteFileService"],"duration":2,"failing":false,"failureDetails":[],"failureMessages":[],"fullName":"QuoteFileService should be defined","invocations":1,"location":null,"numPassingAsserts":1,"retryReasons":[],"startAt":1779684037843,"status":"passed","title":"should be defined"},{"ancestorTitles":["QuoteFileService","createQuoteFile"],"duration":1,"failing":false,"failureDetails":[],"failureMessages":[],"fullName":"QuoteFileService createQuoteFile should create a quote file and emit an event","invocations":1,"location":null,"numPassingAsserts":3,"retryReasons":[],"startAt":1779684037845,"status":"passed","title":"should create a quote file and emit an event"},{"ancestorTitles":["QuoteFileService","getQuoteFiles"],"duration":1,"failing":false,"failureDetails":[],"failureMessages":[],"fullName":"QuoteFileService getQuoteFiles should return files for a given tenant and quote","invocations":1,"location":null,"numPassingAsserts":2,"retryReasons":[],"startAt":1779684037846,"status":"passed","title":"should return files for a given tenant and quote"}],"endTime":1779684037848,"message":"","name":"H:\\Cotizador-2.0-Enterprise\\backend\\src\\files\\quote-file\\quote-file.service.spec.ts","startTime":1779684037595,"status":"passed","summary":""},{"assertionResults":[{"ancestorTitles":["NumberingService"],"duration":2,"failing":false,"failureDetails":[],"failureMessages":[],"fullName":"NumberingService should be defined","invocations":1,"location":null,"numPassingAsserts":1,"retryReasons":[],"startAt":1779684037847,"status":"passed","title":"should be defined"},{"ancestorTitles":["NumberingService"],"duration":1,"failing":false,"failureDetails":[],"failureMessages":[],"fullName":"NumberingService should generate a formatted folio","invocations":1,"location":null,"numPassingAsserts":1,"retryReasons":[],"startAt":1779684037849,"status":"passed","title":"should generate a formatted folio"}],"endTime":1779684037851,"message":"","name":"H:\\Cotizador-2.0-Enterprise\\backend\\src\\numbering\\numbering.service.spec.ts","startTime":1779684037609,"status":"passed","summary":""},{"assertionResults":[{"ancestorTitles":["RbacService"],"duration":3,"failing":false,"failureDetails":[],"failureMessages":[],"fullName":"RbacService should be defined","invocations":1,"location":null,"numPassingAsserts":1,"retryReasons":[],"startAt":1779684037849,"status":"passed","title":"should be defined"}],"endTime":1779684037853,"message":"","name":"H:\\Cotizador-2.0-Enterprise\\backend\\src\\rbac\\rbac.service.spec.ts","startTime":1779684037634,"status":"passed","summary":""},{"assertionResults":[{"ancestorTitles":["AgendaService","reserve"],"duration":10,"failing":false,"failureDetails":[],"failureMessages":[],"fullName":"AgendaService reserve should throw NotFoundException if tenant context is missing","invocations":1,"location":null,"numPassingAsserts":1,"retryReasons":[],"startAt":1779684037838,"status":"passed","title":"should throw NotFoundException if tenant context is missing"},{"ancestorTitles":["AgendaService","reserve"],"duration":3,"failing":false,"failureDetails":[],"failureMessages":[],"fullName":"AgendaService reserve should throw BadRequestException if startTime >= endTime","invocations":1,"location":null,"numPassingAsserts":1,"retryReasons":[],"startAt":1779684037848,"status":"passed","title":"should throw BadRequestException if startTime >= endTime"},{"ancestorTitles":["AgendaService","reserve"],"duration":2,"failing":false,"failureDetails":[],"failureMessages":[],"fullName":"AgendaService reserve should create reservation if no overlap","invocations":1,"location":null,"numPassingAsserts":1,"retryReasons":[],"startAt":1779684037851,"status":"passed","title":"should create reservation if no overlap"},{"ancestorTitles":["AgendaService","reserve"],"duration":2,"failing":false,"failureDetails":[],"failureMessages":[],"fullName":"AgendaService reserve should throw ConflictException if overlap exists","invocations":1,"location":null,"numPassingAsserts":1,"retryReasons":[],"startAt":1779684037853,"status":"passed","title":"should throw ConflictException if overlap exists"},{"ancestorTitles":["AgendaService","reschedule"],"duration":2,"failing":false,"failureDetails":[],"failureMessages":[],"fullName":"AgendaService reschedule should reschedule reservation if no overlap","invocations":1,"location":null,"numPassingAsserts":1,"retryReasons":[],"startAt":1779684037855,"status":"passed","title":"should reschedule reservation if no overlap"},{"ancestorTitles":["AgendaService","release"],"duration":1,"failing":false,"failureDetails":[],"failureMessages":[],"fullName":"AgendaService release should release a reservation","invocations":1,"location":null,"numPassingAsserts":1,"retryReasons":[],"startAt":1779684037857,"status":"passed","title":"should release a reservation"}],"endTime":1779684037859,"message":"","name":"H:\\Cotizador-2.0-Enterprise\\backend\\src\\agenda\\agenda.service.spec.ts","startTime":1779684037618,"status":"passed","summary":""},{"assertionResults":[{"ancestorTitles":["TenantsService"],"duration":1,"failing":false,"failureDetails":[],"failureMessages":[],"fullName":"TenantsService should be defined","invocations":1,"location":null,"numPassingAsserts":1,"retryReasons":[],"startAt":1779684037859,"status":"passed","title":"should be defined"}],"endTime":1779684037861,"message":"","name":"H:\\Cotizador-2.0-Enterprise\\backend\\src\\tenants\\tenants.service.spec.ts","startTime":1779684037682,"status":"passed","summary":""},{"assertionResults":[{"ancestorTitles":["AuthService"],"duration":2,"failing":false,"failureDetails":[],"failureMessages":[],"fullName":"AuthService should be defined","invocations":1,"location":null,"numPassingAsserts":1,"retryReasons":[],"startAt":1779684037862,"status":"passed","title":"should be defined"}],"endTime":1779684037864,"message":"","name":"H:\\Cotizador-2.0-Enterprise\\backend\\src\\auth\\auth.service.spec.ts","startTime":1779684037637,"status":"passed","summary":""},{"assertionResults":[{"ancestorTitles":["ApprovalsService"],"duration":2,"failing":false,"failureDetails":[],"failureMessages":[],"fullName":"ApprovalsService should be defined","invocations":1,"location":null,"numPassingAsserts":1,"retryReasons":[],"startAt":1779684037864,"status":"passed","title":"should be defined"}],"endTime":1779684037866,"message":"","name":"H:\\Cotizador-2.0-Enterprise\\backend\\src\\approvals\\approvals.service.spec.ts","startTime":1779684037648,"status":"passed","summary":""},{"assertionResults":[{"ancestorTitles":["PostgresJobQueueService"],"duration":2,"failing":false,"failureDetails":[],"failureMessages":[],"fullName":"PostgresJobQueueService should be defined","invocations":1,"location":null,"numPassingAsserts":1,"retryReasons":[],"startAt":1779684037857,"status":"passed","title":"should be defined"},{"ancestorTitles":["PostgresJobQueueService"],"duration":1,"failing":false,"failureDetails":[],"failureMessages":[],"fullName":"PostgresJobQueueService should do nothing if no jobs are pending","invocations":1,"location":null,"numPassingAsserts":3,"retryReasons":[],"startAt":1779684037860,"status":"passed","title":"should do nothing if no jobs are pending"},{"ancestorTitles":["PostgresJobQueueService"],"duration":1,"failing":false,"failureDetails":[],"failureMessages":[],"fullName":"PostgresJobQueueService should process a pending job successfully","invocations":1,"location":null,"numPassingAsserts":3,"retryReasons":[],"startAt":1779684037861,"status":"passed","title":"should process a pending job successfully"},{"ancestorTitles":["PostgresJobQueueService"],"duration":7,"failing":false,"failureDetails":[],"failureMessages":[],"fullName":"PostgresJobQueueService should throw error when job execution fails","invocations":1,"location":null,"numPassingAsserts":4,"retryReasons":[],"startAt":1779684037862,"status":"passed","title":"should throw error when job execution fails"},{"ancestorTitles":["PostgresJobQueueService"],"duration":1,"failing":false,"failureDetails":[],"failureMessages":[],"fullName":"PostgresJobQueueService should enqueue a new job","invocations":1,"location":null,"numPassingAsserts":2,"retryReasons":[],"startAt":1779684037869,"status":"passed","title":"should enqueue a new job"}],"endTime":1779684037870,"message":"","name":"H:\\Cotizador-2.0-Enterprise\\backend\\src\\common\\jobs\\postgres-job.service.spec.ts","startTime":1779684037589,"status":"passed","summary":""}],"wasInterrupted":false}
